--14:37:11--  http://api.kde.org/4.x-api/kdelibs-apidocs/kdecore/kdecore.tag
           => `kdecore.tag.1'
Resolving api.kde.org... 131.174.31.25
Connecting to api.kde.org|131.174.31.25|:80... connected.
HTTP request sent, awaiting response... 200 OK
Length: 1,532,841 (1.5M) [text/xml]

    0K .......... .......... .......... .......... ..........  3%  386.26 KB/s
   50K .......... .......... .......... .......... ..........  6%  494.98 KB/s
  100K .......... .......... .......... .......... .......... 10%  508.50 KB/s
  150K .......... .......... .......... .......... .......... 13%  493.81 KB/s
  200K .......... .......... .......... .......... .......... 16%  494.97 KB/s
  250K .......... .......... .......... .......... .......... 20%  508.72 KB/s
  300K .......... .......... .......... .......... .......... 23%  495.00 KB/s
  350K .......... .......... .......... .......... .......... 26%  507.08 KB/s
  400K .......... .......... .......... .......... .......... 30%  495.16 KB/s
  450K .......... .......... .......... .......... .......... 33%  510.01 KB/s
  500K .......... .......... .......... .......... .......... 36%  494.98 KB/s
  550K .......... .......... .......... .......... .......... 40%  508.08 KB/s
  600K .......... .......... .......... .......... .......... 43%  494.18 KB/s
  650K .......... .......... .......... .......... .......... 46%  494.99 KB/s
  700K .......... .......... .......... .......... .......... 50%  508.76 KB/s
  750K .......... .......... .......... .......... .......... 53%  493.81 KB/s
  800K .......... .......... .......... .......... .......... 56%  509.76 KB/s
  850K .......... .......... .......... .......... .......... 60%  494.97 KB/s
  900K .......... .......... .......... .......... .......... 63%  508.69 KB/s
  950K .......... .......... .......... .......... .......... 66%  493.49 KB/s
 1000K .......... .......... .......... .......... .......... 70%  508.89 KB/s
 1050K .......... .......... .......... .......... .......... 73%  494.97 KB/s
 1100K .......... .......... .......... .......... .......... 76%  494.98 KB/s
 1150K .......... .......... .......... .......... .......... 80%  508.73 KB/s
 1200K .......... .......... .......... .......... .......... 83%  495.02 KB/s
 1250K .......... .......... .......... .......... .......... 86%  508.56 KB/s
 1300K .......... .......... .......... .......... .......... 90%  494.91 KB/s
 1350K .......... .......... .......... .......... .......... 93%  508.67 KB/s
 1400K .......... .......... .......... .......... .......... 96%  493.79 KB/s
 1450K .......... .......... .......... .......... ......    100%  504.87 KB/s

14:37:14 (495.79 KB/s) - `kdecore.tag.1' saved [1532841/1532841]

--14:37:14--  http://api.kde.org/4.x-api/kdelibs-apidocs/kdeui/kdeui.tag
           => `kdeui.tag.1'
Resolving api.kde.org... 131.174.31.25
Connecting to api.kde.org|131.174.31.25|:80... connected.
HTTP request sent, awaiting response... 200 OK
Length: 1,924,477 (1.8M) [text/xml]

    0K .......... .......... .......... .......... ..........  2%  294.71 KB/s
   50K .......... .......... .......... .......... ..........  5%  444.48 KB/s
  100K .......... .......... .......... .......... ..........  7%  508.73 KB/s
  150K .......... .......... .......... .......... .......... 10%  494.97 KB/s
  200K .......... .......... .......... .......... .......... 13%  492.63 KB/s
  250K .......... .......... .......... .......... .......... 15%  508.50 KB/s
  300K .......... .......... .......... .......... .......... 18%  494.98 KB/s
  350K .......... .......... .......... .......... .......... 21%  508.15 KB/s
  400K .......... .......... .......... .......... .......... 23%  495.16 KB/s
  450K .......... .......... .......... .......... .......... 26%  507.70 KB/s
  500K .......... .......... .......... .......... .......... 29%  494.78 KB/s
  550K .......... .......... .......... .......... .......... 31%  508.92 KB/s
  600K .......... .......... .......... .......... .......... 34%  494.97 KB/s
  650K .......... .......... .......... .......... .......... 37%  493.81 KB/s
  700K .......... .......... .......... .......... .......... 39%  508.50 KB/s
  750K .......... .......... .......... .......... .......... 42%  494.91 KB/s
  800K .......... .......... .......... .......... .......... 45%  508.81 KB/s
  850K .......... .......... .......... .......... .......... 47%  493.81 KB/s
  900K .......... .......... .......... .......... .......... 50%  508.53 KB/s
  950K .......... .......... .......... .......... .......... 53%  494.95 KB/s
 1000K .......... .......... .......... .......... .......... 55%  508.73 KB/s
 1050K .......... .......... .......... .......... .......... 58%  493.82 KB/s
 1100K .......... .......... .......... .......... .......... 61%  494.98 KB/s
 1150K .......... .......... .......... .......... .......... 63%  509.43 KB/s
 1200K .......... .......... .......... .......... .......... 66%  495.33 KB/s
 1250K .......... .......... .......... .......... .......... 69%  507.47 KB/s
 1300K .......... .......... .......... .......... .......... 71%  494.97 KB/s
 1350K .......... .......... .......... .......... .......... 74%  508.46 KB/s
 1400K .......... .......... .......... .......... .......... 77%  495.05 KB/s
 1450K .......... .......... .......... .......... .......... 79%  508.67 KB/s
 1500K .......... .......... .......... .......... .......... 82%  495.03 KB/s
 1550K .......... .......... .......... .......... .......... 85%  494.63 KB/s
 1600K .......... .......... .......... .......... .......... 87%  508.78 KB/s
 1650K .......... .......... .......... .......... .......... 90%  489.58 KB/s
 1700K .......... .......... .......... .......... .......... 93%  513.41 KB/s
 1750K .......... .......... .......... .......... .......... 95%  494.97 KB/s
 1800K .......... .......... .......... .......... .......... 98%  508.50 KB/s
 1850K .......... .......... .........                       100%  505.98 KB/s

14:37:18 (490.18 KB/s) - `kdeui.tag.1' saved [1924477/1924477]

--14:37:18--  http://api.kde.org/4.x-api/kdelibs-apidocs/khtml/khtml.tag
           => `khtml.tag.1'
Resolving api.kde.org... 131.174.31.25
Connecting to api.kde.org|131.174.31.25|:80... connected.
HTTP request sent, awaiting response... 200 OK
Length: 987,746 (965K) [text/xml]

    0K .......... .......... .......... .......... ..........  5%  249.99 KB/s
   50K .......... .......... .......... .......... .......... 10%  408.62 KB/s
  100K .......... .......... .......... .......... .......... 15%  498.75 KB/s
  150K .......... .......... .......... .......... .......... 20%  494.99 KB/s
  200K .......... .......... .......... .......... .......... 25%  494.96 KB/s
  250K .......... .......... .......... .......... .......... 31%  507.27 KB/s
  300K .......... .......... .......... .......... .......... 36%  494.97 KB/s
  350K .......... .......... .......... .......... .......... 41%  510.03 KB/s
  400K .......... .......... .......... .......... .......... 46%  494.61 KB/s
  450K .......... .......... .......... .......... .......... 51%  507.66 KB/s
  500K .......... .......... .......... .......... .......... 57%  494.97 KB/s
  550K .......... .......... .......... .......... .......... 62%  508.68 KB/s
  600K .......... .......... .......... .......... .......... 67%  494.99 KB/s
  650K .......... .......... .......... .......... .......... 72%  493.01 KB/s
  700K .......... .......... .......... .......... .......... 77%  509.38 KB/s
  750K .......... .......... .......... .......... .......... 82%  494.97 KB/s
  800K .......... .......... .......... .......... .......... 88%  510.03 KB/s
  850K .......... .......... .......... .......... .......... 93%  491.41 KB/s
  900K .......... .......... .......... .......... .......... 98%  508.51 KB/s
  950K .......... ....                                       100%  509.32 KB/s

14:37:20 (470.64 KB/s) - `khtml.tag.1' saved [987746/987746]

--14:37:20--  http://api.kde.org/4.x-api/kdelibs-apidocs/kio/kio.tag
           => `kio.tag.1'
Resolving api.kde.org... 131.174.31.25
Connecting to api.kde.org|131.174.31.25|:80... connected.
HTTP request sent, awaiting response... 200 OK
Length: 1,257,830 (1.2M) [text/xml]

    0K .......... .......... .......... .......... ..........  4%  347.93 KB/s
   50K .......... .......... .......... .......... ..........  8%  478.83 KB/s
  100K .......... .......... .......... .......... .......... 12%  508.50 KB/s
  150K .......... .......... .......... .......... .......... 16%  493.82 KB/s
  200K .......... .......... .......... .......... .......... 20%  494.96 KB/s
  250K .......... .......... .......... .......... .......... 24%  508.75 KB/s
  300K .......... .......... .......... .......... .......... 28%  494.96 KB/s
  350K .......... .......... .......... .......... .......... 32%  506.89 KB/s
  400K .......... .......... .......... .......... .......... 36%  496.56 KB/s
  450K .......... .......... .......... .......... .......... 40%  508.75 KB/s
  500K .......... .......... .......... .......... .......... 44%  494.96 KB/s
  550K .......... .......... .......... .......... .......... 48%  507.15 KB/s
  600K .......... .......... .......... .......... .......... 52%  495.07 KB/s
  650K .......... .......... .......... .......... .......... 56%  494.96 KB/s
  700K .......... .......... .......... .......... .......... 61%  508.76 KB/s
  750K .......... .......... .......... .......... .......... 65%  493.45 KB/s
  800K .......... .......... .......... .......... .......... 69%  509.34 KB/s
  850K .......... .......... .......... .......... .......... 73%  495.75 KB/s
  900K .......... .......... .......... .......... .......... 77%  508.68 KB/s
  950K .......... .......... .......... .......... .......... 81%  493.88 KB/s
 1000K .......... .......... .......... .......... .......... 85%  508.49 KB/s
 1050K .......... .......... .......... .......... .......... 89%  494.87 KB/s
 1100K .......... .......... .......... .......... .......... 93%  495.07 KB/s
 1150K .......... .......... .......... .......... .......... 97%  509.93 KB/s
 1200K .......... .......... ........                        100%  509.85 KB/s

14:37:22 (491.45 KB/s) - `kio.tag.1' saved [1257830/1257830]

--14:37:22--  http://api.kde.org/4.x-api/kdelibs-apidocs/kjs/kjs.tag
           => `kjs.tag.1'
Resolving api.kde.org... 131.174.31.25
Connecting to api.kde.org|131.174.31.25|:80... connected.
HTTP request sent, awaiting response... 200 OK
Length: 785,134 (767K) [text/xml]

    0K .......... .......... .......... .......... ..........  6%  349.11 KB/s
   50K .......... .......... .......... .......... .......... 13%  481.98 KB/s
  100K .......... .......... .......... .......... .......... 19%  507.40 KB/s
  150K .......... .......... .......... .......... .......... 26%  494.90 KB/s
  200K .......... .......... .......... .......... .......... 32%  495.08 KB/s
  250K .......... .......... .......... .......... .......... 39%  508.57 KB/s
  300K .......... .......... .......... .......... .......... 45%  493.79 KB/s
  350K .......... .......... .......... .......... .......... 52%  508.72 KB/s
  400K .......... .......... .......... .......... .......... 58%  494.94 KB/s
  450K .......... .......... .......... .......... .......... 65%  509.79 KB/s
  500K .......... .......... .......... .......... .......... 71%  492.63 KB/s
  550K .......... .......... .......... .......... .......... 78%  508.71 KB/s
  600K .......... .......... .......... .......... .......... 84%  494.91 KB/s
  650K .......... .......... .......... .......... .......... 91%  493.50 KB/s
  700K .......... .......... .......... .......... .......... 97%  508.70 KB/s
  750K .......... ......                                     100%  521.17 KB/s

14:37:24 (486.19 KB/s) - `kjs.tag.1' saved [785134/785134]

--14:37:24--  http://api.kde.org/4.x-api/kdelibs-apidocs/kparts/kparts.tag
           => `kparts.tag.1'
Resolving api.kde.org... 131.174.31.25
Connecting to api.kde.org|131.174.31.25|:80... connected.
HTTP request sent, awaiting response... 200 OK
Length: 131,534 (128K) [text/xml]

    0K .......... .......... .......... .......... .......... 38%  369.91 KB/s
   50K .......... .......... .......... .......... .......... 77%  485.84 KB/s
  100K .......... .......... ........                        100%  517.70 KB/s

14:37:25 (438.34 KB/s) - `kparts.tag.1' saved [131534/131534]

--14:37:25--  http://api.kde.org/4.x-api/kdelibs-apidocs/knewstuff/knewstuff.tag
           => `knewstuff.tag.1'
Resolving api.kde.org... 131.174.31.25
Connecting to api.kde.org|131.174.31.25|:80... connected.
HTTP request sent, awaiting response... 200 OK
Length: 130,867 (128K) [text/xml]

    0K .......... .......... .......... .......... .......... 39%  313.87 KB/s
   50K .......... .......... .......... .......... .......... 78%  482.61 KB/s
  100K .......... .......... .......                         100%  514.99 KB/s

14:37:25 (403.30 KB/s) - `knewstuff.tag.1' saved [130867/130867]

--14:37:25--  http://api.kde.org/4.x-api/kdelibs-apidocs/kutils/kutils.tag
           => `kutils.tag.1'
Resolving api.kde.org... 131.174.31.25
Connecting to api.kde.org|131.174.31.25|:80... connected.
HTTP request sent, awaiting response... 200 OK
Length: 52,566 (51K) [text/xml]

    0K .......... .......... .......... .......... .......... 97%  365.85 KB/s
   50K .                                                     100%  711.17 KB/s

14:37:25 (370.52 KB/s) - `kutils.tag.1' saved [52566/52566]

--14:37:25--  http://api.kde.org/4.x-api/kdelibs-apidocs/interfaces/ktexteditor/ktexteditor.tag
           => `ktexteditor.tag.1'
Resolving api.kde.org... 131.174.31.25
Connecting to api.kde.org|131.174.31.25|:80... connected.
HTTP request sent, awaiting response... 200 OK
Length: 234,646 (229K) [text/xml]

    0K .......... .......... .......... .......... .......... 21%  301.19 KB/s
   50K .......... .......... .......... .......... .......... 43%  447.29 KB/s
  100K .......... .......... .......... .......... .......... 65%  500.98 KB/s
  150K .......... .......... .......... .......... .......... 87%  487.90 KB/s
  200K .......... .......... .........                       100%  511.07 KB/s

14:37:26 (426.63 KB/s) - `ktexteditor.tag.1' saved [234646/234646]

--14:37:26--  http://api.kde.org/4.x-api/kdevplatform-apidocs/editor/editor.tag
           => `editor.tag.1'
Resolving api.kde.org... 131.174.31.25
Connecting to api.kde.org|131.174.31.25|:80... connected.
HTTP request sent, awaiting response... 200 OK
Length: 30,839 (30K) [text/xml]

    0K .......... .......... ..........                      100%  323.74 KB/s

14:37:26 (323.74 KB/s) - `editor.tag.1' saved [30839/30839]

--14:37:26--  http://api.kde.org/4.x-api/kdevplatform-apidocs/interfaces/interfaces.tag
           => `interfaces.tag.1'
Resolving api.kde.org... 131.174.31.25
Connecting to api.kde.org|131.174.31.25|:80... connected.
HTTP request sent, awaiting response... 200 OK
Length: 45,963 (45K) [text/xml]

    0K .......... .......... .......... .......... ....      100%  363.35 KB/s

14:37:26 (363.35 KB/s) - `interfaces.tag.1' saved [45963/45963]

--14:37:26--  http://api.kde.org/4.x-api/kdevplatform-apidocs/language/language.tag
           => `language.tag.1'
Resolving api.kde.org... 131.174.31.25
Connecting to api.kde.org|131.174.31.25|:80... connected.
HTTP request sent, awaiting response... 200 OK
Length: 180,923 (177K) [text/xml]

    0K .......... .......... .......... .......... .......... 28%  372.86 KB/s
   50K .......... .......... .......... .......... .......... 56%  479.85 KB/s
  100K .......... .......... .......... .......... .......... 84%  503.94 KB/s
  150K .......... .......... ......                          100%  500.54 KB/s

14:37:27 (452.08 KB/s) - `language.tag.1' saved [180923/180923]

--14:37:27--  http://api.kde.org/4.x-api/kdevplatform-apidocs/outputview/outputview.tag
           => `outputview.tag.1'
Resolving api.kde.org... 131.174.31.25
Connecting to api.kde.org|131.174.31.25|:80... connected.
HTTP request sent, awaiting response... 200 OK
Length: 413 [text/xml]

    0K                                                       100%   30.39 MB/s

14:37:27 (30.39 MB/s) - `outputview.tag.1' saved [413/413]

--14:37:27--  http://api.kde.org/4.x-api/kdevplatform-apidocs/project/project.tag
           => `project.tag.1'
Resolving api.kde.org... 131.174.31.25
Connecting to api.kde.org|131.174.31.25|:80... connected.
HTTP request sent, awaiting response... 200 OK
Length: 20,563 (20K) [text/xml]

    0K .......... ..........                                 100%   82.49 KB/s

14:37:27 (82.49 KB/s) - `project.tag.1' saved [20563/20563]

--14:37:27--  http://api.kde.org/4.x-api/kdevplatform-apidocs/shell/shell.tag
           => `shell.tag.1'
Resolving api.kde.org... 131.174.31.25
Connecting to api.kde.org|131.174.31.25|:80... connected.
HTTP request sent, awaiting response... 200 OK
Length: 50,920 (50K) [text/xml]

    0K .......... .......... .......... .......... ......... 100%  369.60 KB/s

14:37:28 (369.60 KB/s) - `shell.tag.1' saved [50920/50920]

--14:37:28--  http://api.kde.org/4.x-api/kdevplatform-apidocs/sublime/sublime.tag
           => `sublime.tag.1'
Resolving api.kde.org... 131.174.31.25
Connecting to api.kde.org|131.174.31.25|:80... connected.
HTTP request sent, awaiting response... 200 OK
Length: 40,589 (40K) [text/xml]

    0K .......... .......... .......... .........            100%  290.88 KB/s

14:37:28 (290.88 KB/s) - `sublime.tag.1' saved [40589/40589]

--14:37:28--  http://api.kde.org/4.x-api/kdevplatform-apidocs/util/util.tag
           => `util.tag.1'
Resolving api.kde.org... 131.174.31.25
Connecting to api.kde.org|131.174.31.25|:80... connected.
HTTP request sent, awaiting response... 200 OK
Length: 9,885 (9.7K) [text/xml]

    0K .........                                             100%  206.16 KB/s

14:37:28 (206.16 KB/s) - `util.tag.1' saved [9885/9885]

--14:37:28--  http://api.kde.org/4.x-api/kdevplatform-apidocs/vcs/vcs.tag
           => `vcs.tag.1'
Resolving api.kde.org... 131.174.31.25
Connecting to api.kde.org|131.174.31.25|:80... connected.
HTTP request sent, awaiting response... 200 OK
Length: 55,815 (55K) [text/xml]

    0K .......... .......... .......... .......... .......... 91%  304.20 KB/s
   50K ....                                                  100%  358.13 KB/s

14:37:28 (308.04 KB/s) - `vcs.tag.1' saved [55815/55815]

--14:37:28--  http://api.kde.org/4.x-api/kdelibs-apidocs/qt/qt.tag
           => `qt.tag.1'
Resolving api.kde.org... 131.174.31.25
Connecting to api.kde.org|131.174.31.25|:80... connected.
HTTP request sent, awaiting response... 200 OK
Length: 2,675,072 (2.6M) [text/plain]

    0K .......... .......... .......... .......... ..........  1%  371.14 KB/s
   50K .......... .......... .......... .......... ..........  3%  490.26 KB/s
  100K .......... .......... .......... .......... ..........  5%  504.32 KB/s
  150K .......... .......... .......... .......... ..........  7%  497.84 KB/s
  200K .......... .......... .......... .......... ..........  9%  495.00 KB/s
  250K .......... .......... .......... .......... .......... 11%  509.98 KB/s
  300K .......... .......... .......... .......... .......... 13%  493.45 KB/s
  350K .......... .......... .......... .......... .......... 15%  508.84 KB/s
  400K .......... .......... .......... .......... .......... 17%  495.05 KB/s
  450K .......... .......... .......... .......... .......... 19%  508.69 KB/s
  500K .......... .......... .......... .......... .......... 21%  494.98 KB/s
  550K .......... .......... .......... .......... .......... 22%  507.28 KB/s
  600K .......... .......... .......... .......... .......... 24%  494.88 KB/s
  650K .......... .......... .......... .......... .......... 26%  493.85 KB/s
  700K .......... .......... .......... .......... .......... 28%  508.38 KB/s
  750K .......... .......... .......... .......... .......... 30%  472.26 KB/s
  800K .......... .......... .......... .......... .......... 32%  507.08 KB/s
  850K .......... .......... .......... .......... .......... 34%  489.20 KB/s
  900K .......... .......... .......... .......... .......... 36%  508.69 KB/s
  950K .......... .......... .......... .......... .......... 38%  495.01 KB/s
 1000K .......... .......... .......... .......... .......... 40%  508.50 KB/s
 1050K .......... .......... .......... .......... .......... 42%  493.79 KB/s
 1100K .......... .......... .......... .......... .......... 44%  494.99 KB/s
 1150K .......... .......... .......... .......... .......... 45%  510.01 KB/s
 1200K .......... .......... .......... .......... .......... 47%  493.15 KB/s
 1250K .......... .......... .......... .......... .......... 49%  508.75 KB/s
 1300K .......... .......... .......... .......... .......... 51%  491.57 KB/s
 1350K .......... .......... .......... .......... .......... 53%  512.86 KB/s
 1400K .......... .......... .......... .......... .......... 55%  494.98 KB/s
 1450K .......... .......... .......... .......... .......... 57%  507.33 KB/s
 1500K .......... .......... .......... .......... .......... 59%  494.91 KB/s
 1550K .......... .......... .......... .......... .......... 61%  495.98 KB/s
 1600K .......... .......... .......... .......... .......... 63%  508.80 KB/s
 1650K .......... .......... .......... .......... .......... 65%  493.63 KB/s
 1700K .......... .......... .......... .......... .......... 66%  508.78 KB/s
 1750K .......... .......... .......... .......... .......... 68%  494.85 KB/s
 1800K .......... .......... .......... .......... .......... 70%  508.72 KB/s
 1850K .......... .......... .......... .......... .......... 72%  494.07 KB/s
 1900K .......... .......... .......... .......... .......... 74%  509.84 KB/s
 1950K .......... .......... .......... .......... .......... 76%  494.98 KB/s
 2000K .......... .......... .......... .......... .......... 78%  489.42 KB/s
 2050K .......... .......... .......... .......... .......... 80%  512.10 KB/s
 2100K .......... .......... .......... .......... .......... 82%  493.76 KB/s
 2150K .......... .......... .......... .......... .......... 84%  507.76 KB/s
 2200K .......... .......... .......... .......... .......... 86%  494.55 KB/s
 2250K .......... .......... .......... .......... .......... 88%  508.34 KB/s
 2300K .......... .......... .......... .......... .......... 89%  495.30 KB/s
 2350K .......... .......... .......... .......... .......... 91%  509.58 KB/s
 2400K .......... .......... .......... .......... .......... 93%  493.71 KB/s
 2450K .......... .......... .......... .......... .......... 95%  495.32 KB/s
 2500K .......... .......... .......... .......... .......... 97%  508.66 KB/s
 2550K .......... .......... .......... .......... .......... 99%  493.82 KB/s
 2600K .......... ..                                         100%  558.46 KB/s

14:37:33 (496.77 KB/s) - `qt.tag.1' saved [2675072/2675072]

