1262047571 776865 776865
1262047571 0 0 0 0
1262047086 0 0 0 0
1262046900 1 1 22 22
1262046600 22 22 22 22
1262046300 22 22 22 22
1262046000 22 22 22 22
1262045700 22 22 22 22
1262045400 22 22 22 22
1262045100 22 22 22 22
1262044800 22 22 22 22
1262044500 22 22 22 22
1262044200 22 22 22 22
1262043900 22 22 22 22
1262043600 22 22 22 22
1262043300 22 22 22 22
1262043000 22 22 22 22
1262042700 22 22 22 22
1262042400 22 22 22 22
1262042100 22 22 22 22
1262041800 22 22 22 22
1262041500 22 22 22 22
1262041200 22 22 22 22
1262040900 22 22 22 22
1262040600 22 22 22 22
1262040300 22 22 22 22
1262040000 22 22 22 22
1262039700 22 22 22 22
1262039400 22 22 22 22
1262039100 22 22 22 22
1262038800 22 22 22 22
1262038500 22 22 22 22
1262038200 22 22 22 22
1262037900 22 22 22 22
1262037600 22 22 22 22
1262037300 22 22 22 22
1262037000 22 22 22 22
1262036700 22 22 22 22
1262036400 22 22 22 22
1262036100 22 22 22 22
1262035800 22 22 22 22
1262035500 22 22 22 22
1262035200 22 22 22 22
1262034900 22 22 22 22
1262034600 22 22 22 22
1262034300 22 22 22 22
1262034000 22 22 22 22
1262033700 22 22 22 22
1262033400 22 22 22 22
1262033100 22 22 22 22
1262032800 22 22 22 22
1262032500 22 22 22 22
1262032200 22 22 22 22
1262031900 22 22 22 22
1262031600 22 22 22 22
1262031300 22 22 22 22
1262031000 22 22 22 22
1262030700 22 22 22 22
1262030400 22 22 22 22
1262030100 22 22 22 22
1262029800 22 22 22 22
1262029500 22 22 22 22
1262029200 22 22 22 22
1262028900 22 22 22 22
1262028600 22 22 22 22
1262028300 22 22 22 22
1262028000 22 22 22 22
1262027700 22 22 22 22
1262027400 22 22 22 22
1262027100 22 22 22 22
1262026800 22 22 22 22
1262026500 22 22 22 22
1262026200 22 22 22 22
1262025900 22 22 22 22
1262025600 22 22 22 22
1262025300 22 22 22 22
1262025000 22 22 22 22
1262024700 22 22 22 22
1262024400 22 22 22 22
1262024100 22 22 22 22
1262023800 22 22 22 22
1262023500 22 22 22 22
1262023200 22 22 22 22
1262022900 22 22 22 22
1262022600 22 22 22 22
1262022300 22 22 22 22
1262022000 22 22 22 22
1262021700 22 22 22 22
1262021400 22 22 22 22
1262021100 22 22 22 22
1262020800 22 22 22 22
1262020500 22 22 22 22
1262020200 22 22 22 22
1262019900 22 22 22 22
1262019600 22 22 22 22
1262019300 22 22 22 22
1262019000 22 22 22 22
1262018700 22 22 22 22
1262018400 22 22 22 22
1262018100 22 22 22 22
1262017800 22 22 22 22
1262017500 22 22 22 22
1262017200 22 22 22 22
1262016900 22 22 22 22
1262016600 22 22 22 22
1262016300 22 22 22 22
1262016000 22 22 22 22
1262015700 22 22 22 22
1262015400 22 22 22 22
1262015100 22 22 22 22
1262014800 22 22 22 22
1262014500 22 22 22 22
1262014200 22 22 22 22
1262013900 22 22 22 22
1262013600 22 22 22 22
1262013300 22 22 22 22
1262013000 22 22 22 22
1262012700 22 22 22 22
1262012400 22 22 22 22
1262012100 22 22 22 22
1262011800 22 22 22 22
1262011500 22 22 22 22
1262011200 22 22 22 22
1262010900 22 22 22 22
1262010600 22 22 22 22
1262010300 22 22 22 22
1262010000 22 22 22 22
1262009700 22 22 22 22
1262009400 22 22 22 22
1262009100 22 22 22 22
1262008800 22 22 22 22
1262008500 22 22 22 22
1262008200 22 22 22 22
1262007900 22 22 22 22
1262007600 22 22 22 22
1262007300 22 22 22 22
1262007000 22 22 22 22
1262006700 22 22 22 22
1262006400 22 22 22 22
1262006100 22 22 22 22
1262005800 22 22 22 22
1262005500 22 22 22 22
1262005200 22 22 22 22
1262004900 22 22 22 22
1262004600 22 22 22 22
1262004300 22 22 22 22
1262004000 22 22 22 22
1262003700 22 22 22 22
1262003400 22 22 22 22
1262003100 22 22 22 22
1262002800 22 22 22 22
1262002500 22 22 22 22
1262002200 22 22 22 22
1262001900 22 22 22 22
1262001600 22 22 22 22
1262001300 22 22 22 22
1262001000 22 22 22 22
1262000700 22 22 22 22
1262000400 22 22 22 22
1262000100 22 22 22 22
1261999800 22 22 22 22
1261999500 22 22 22 22
1261999200 22 22 22 22
1261998900 22 22 22 22
1261998600 22 22 22 22
1261998300 22 22 22 22
1261998000 22 22 22 22
1261997700 22 22 22 22
1261997400 22 22 22 22
1261997100 22 22 22 22
1261996800 22 22 22 22
1261996500 22 22 22 22
1261996200 22 22 22 22
1261995900 22 22 22 22
1261995600 22 22 22 22
1261995300 22 22 22 22
1261995000 22 22 22 22
1261994700 22 22 22 22
1261994400 22 22 22 22
1261994100 22 22 22 22
1261993800 22 22 22 22
1261993500 22 22 22 22
1261993200 22 22 22 22
1261992900 22 22 22 22
1261992600 22 22 22 22
1261992300 22 22 22 22
1261992000 22 22 22 22
1261991700 22 22 22 22
1261991400 22 22 22 22
1261991100 22 22 22 22
1261990800 22 22 22 22
1261990500 22 22 22 22
1261990200 22 22 22 22
1261989900 22 22 22 22
1261989600 22 22 22 22
1261989300 22 22 22 22
1261989000 22 22 22 22
1261988700 22 22 22 22
1261988400 22 22 22 22
1261988100 22 22 22 22
1261987800 22 22 22 22
1261987500 22 22 22 22
1261987200 22 22 22 22
1261986900 22 22 22 22
1261986600 22 22 22 22
1261986300 22 22 22 22
1261986000 22 22 22 22
1261985700 22 22 22 22
1261985400 22 22 22 22
1261985100 22 22 22 22
1261984800 22 22 22 22
1261984500 22 22 22 22
1261984200 22 22 22 22
1261983900 22 22 22 22
1261983600 22 22 22 22
1261983300 22 22 22 22
1261983000 22 22 22 22
1261982700 22 22 22 22
1261982400 22 22 22 22
1261982100 22 22 22 22
1261981800 22 22 22 22
1261981500 22 22 22 22
1261981200 22 22 22 22
1261980900 22 22 22 22
1261980600 22 22 22 22
1261980300 22 22 22 22
1261980000 22 22 22 22
1261979700 22 22 22 22
1261979400 22 22 22 22
1261979100 22 22 22 22
1261978800 22 22 22 22
1261978500 22 22 22 22
1261978200 22 22 22 22
1261977900 22 22 22 22
1261977600 22 22 22 22
1261977300 22 22 22 22
1261977000 22 22 22 22
1261976700 22 22 22 22
1261976400 22 22 22 22
1261976100 22 22 22 22
1261975800 22 22 22 22
1261975500 22 22 22 22
1261975200 22 22 22 22
1261974900 22 22 22 22
1261974600 22 22 22 22
1261974300 22 22 22 22
1261974000 22 22 22 22
1261973700 22 22 22 22
1261973400 22 22 22 22
1261973100 22 22 22 22
1261972800 22 22 22 22
1261972500 22 22 22 22
1261972200 22 22 22 22
1261971900 22 22 22 22
1261971600 22 22 22 22
1261971300 22 22 22 22
1261971000 22 22 22 22
1261970700 22 22 22 22
1261970400 22 22 22 22
1261970100 22 22 22 22
1261969800 22 22 22 22
1261969500 22 22 22 22
1261969200 22 22 22 22
1261968900 22 22 22 22
1261968600 22 22 22 22
1261968300 22 22 22 22
1261968000 22 22 22 22
1261967700 22 22 22 22
1261967400 22 22 22 22
1261967100 22 22 22 22
1261966800 22 22 22 22
1261966500 22 22 22 22
1261966200 22 22 22 22
1261965900 22 22 22 22
1261965600 22 22 22 22
1261965300 22 22 22 22
1261965000 22 22 22 22
1261964700 22 22 22 22
1261964400 22 22 22 22
1261964100 22 22 22 22
1261963800 22 22 22 22
1261963500 22 22 22 22
1261963200 22 22 22 22
1261962900 22 22 22 22
1261962600 22 22 22 22
1261962300 22 22 22 22
1261962000 22 22 22 22
1261961700 22 22 22 22
1261961400 22 22 22 22
1261961100 22 22 22 22
1261960800 22 22 22 22
1261960500 22 22 22 22
1261960200 22 22 22 22
1261959900 22 22 22 22
1261959600 22 22 22 22
1261959300 22 22 22 22
1261959000 22 22 22 22
1261958700 22 22 22 22
1261958400 22 22 22 22
1261958100 22 22 22 22
1261957800 22 22 22 22
1261957500 22 22 22 22
1261957200 22 22 22 22
1261956900 22 22 22 22
1261956600 22 22 22 22
1261956300 22 22 22 22
1261956000 22 22 22 22
1261955700 22 22 22 22
1261955400 22 22 22 22
1261955100 22 22 22 22
1261954800 22 22 22 22
1261954500 22 22 22 22
1261954200 22 22 22 22
1261953900 22 22 22 22
1261953600 22 22 22 22
1261953300 22 22 22 22
1261953000 22 22 22 22
1261952700 22 22 22 22
1261952400 22 22 22 22
1261952100 22 22 22 22
1261951800 22 22 22 22
1261951500 22 22 22 22
1261951200 22 22 22 22
1261950900 22 22 22 22
1261950600 22 22 22 22
1261950300 22 22 22 22
1261950000 22 22 22 22
1261949700 22 22 22 22
1261949400 22 22 22 22
1261949100 22 22 22 22
1261948800 22 22 22 22
1261948500 22 22 22 22
1261948200 22 22 22 22
1261947900 22 22 22 22
1261947600 22 22 22 22
1261947300 22 22 22 22
1261947000 22 22 22 22
1261946700 22 22 22 22
1261946400 22 22 22 22
1261946100 22 22 22 22
1261945800 22 22 22 22
1261945500 22 22 22 22
1261945200 22 22 22 22
1261944900 22 22 22 22
1261944600 22 22 22 22
1261944300 22 22 22 22
1261944000 22 22 22 22
1261943700 22 22 22 22
1261943400 22 22 22 22
1261943100 22 22 22 22
1261942800 22 22 22 22
1261942500 22 22 22 22
1261942200 22 22 22 22
1261941900 22 22 22 22
1261941600 22 22 22 22
1261941300 22 22 22 22
1261941000 22 22 22 22
1261940700 22 22 22 22
1261940400 22 22 22 22
1261940100 22 22 22 22
1261939800 22 22 22 22
1261939500 22 22 22 22
1261939200 22 22 22 22
1261938900 22 22 22 22
1261938600 22 22 22 22
1261938300 22 22 22 22
1261938000 22 22 22 22
1261937700 22 22 22 22
1261937400 22 22 22 22
1261937100 22 22 22 22
1261936800 22 22 22 22
1261936500 22 22 22 22
1261936200 22 22 22 22
1261935900 22 22 22 22
1261935600 22 22 22 22
1261935300 22 22 22 22
1261935000 22 22 22 22
1261934700 22 22 22 22
1261934400 22 22 22 22
1261934100 22 22 22 22
1261933800 22 22 22 22
1261933500 22 22 22 22
1261933200 22 22 22 22
1261932900 22 22 22 22
1261932600 22 22 22 22
1261932300 22 22 22 22
1261932000 22 22 22 22
1261931700 22 22 22 22
1261931400 22 22 22 22
1261931100 22 22 22 22
1261930800 22 22 22 22
1261930500 22 22 22 22
1261930200 22 22 22 22
1261929900 22 22 22 22
1261929600 22 22 22 22
1261929300 22 22 22 22
1261929000 22 22 22 22
1261928700 22 22 22 22
1261928400 22 22 22 22
1261928100 22 22 22 22
1261927800 22 22 22 22
1261927500 22 22 22 22
1261927200 22 22 22 22
1261926900 22 22 22 22
1261926600 22 22 22 22
1261926300 22 22 22 22
1261926000 22 22 22 22
1261925700 22 22 22 22
1261925400 22 22 22 22
1261925100 22 22 22 22
1261924800 22 22 22 22
1261924500 22 22 22 22
1261924200 22 22 22 22
1261923900 22 22 22 22
1261923600 22 22 22 22
1261923300 22 22 22 22
1261923000 22 22 22 22
1261922700 22 22 22 22
1261922400 22 22 22 22
1261922100 22 22 22 22
1261921800 22 22 22 22
1261921500 22 22 22 22
1261921200 22 22 22 22
1261920900 22 22 22 22
1261920600 22 22 22 22
1261920300 22 22 22 22
1261920000 22 22 22 22
1261919700 22 22 22 22
1261919400 22 22 22 22
1261919100 22 22 22 22
1261918800 22 22 22 22
1261918500 22 22 22 22
1261918200 22 22 22 22
1261917900 22 22 22 22
1261917600 22 22 22 22
1261917300 22 22 22 22
1261917000 22 22 22 22
1261916700 22 22 22 22
1261916400 22 22 22 22
1261916100 22 22 22 22
1261915800 22 22 22 22
1261915500 22 22 22 22
1261915200 22 22 22 22
1261914900 22 22 22 22
1261914600 22 22 22 22
1261914300 22 22 22 22
1261914000 22 22 22 22
1261913700 22 22 22 22
1261913400 22 22 22 22
1261913100 22 22 22 22
1261912800 22 22 22 22
1261912500 22 22 22 22
1261912200 22 22 22 22
1261911900 22 22 22 22
1261911600 22 22 22 22
1261911300 22 22 22 22
1261911000 22 22 22 22
1261910700 22 22 22 22
1261910400 22 22 22 22
1261910100 22 22 22 22
1261909800 22 22 22 22
1261909500 22 22 22 22
1261909200 22 22 22 22
1261908900 22 22 22 22
1261908600 22 22 22 22
1261908300 22 22 22 22
1261908000 22 22 22 22
1261907700 22 22 22 22
1261907400 22 22 22 22
1261907100 22 22 22 22
1261906800 22 22 22 22
1261906500 22 22 22 22
1261906200 22 22 22 22
1261905900 22 22 22 22
1261905600 22 22 22 22
1261905300 22 22 22 22
1261905000 22 22 22 22
1261904700 22 22 22 22
1261904400 22 22 22 22
1261904100 22 22 22 22
1261903800 22 22 22 22
1261903500 22 22 22 22
1261903200 22 22 22 22
1261902900 22 22 22 22
1261902600 22 22 22 22
1261902300 22 22 22 22
1261902000 22 22 22 22
1261901700 22 22 22 22
1261901400 22 22 22 22
1261901100 22 22 22 22
1261900800 22 22 22 22
1261900500 22 22 22 22
1261900200 22 22 22 22
1261899900 22 22 22 22
1261899600 22 22 22 22
1261899300 22 22 22 22
1261899000 22 22 22 22
1261898700 22 22 22 22
1261898400 22 22 22 22
1261898100 22 22 22 22
1261897800 22 22 22 22
1261897500 22 22 22 22
1261897200 22 22 22 22
1261896900 22 22 22 22
1261896600 22 22 22 22
1261896300 22 22 22 22
1261896000 22 22 22 22
1261895700 22 22 22 22
1261895400 22 22 22 22
1261895100 22 22 22 22
1261894800 22 22 22 22
1261894500 22 22 22 22
1261894200 22 22 22 22
1261893900 22 22 22 22
1261893600 22 22 22 22
1261893300 22 22 22 22
1261893000 22 22 22 22
1261892700 22 22 22 22
1261892400 22 22 22 22
1261892100 22 22 22 22
1261891800 22 22 22 22
1261891500 22 22 22 22
1261891200 22 22 22 22
1261890900 22 22 22 22
1261890600 22 22 22 22
1261890300 22 22 22 22
1261890000 22 22 22 22
1261889700 22 22 22 22
1261889400 22 22 22 22
1261889100 22 22 22 22
1261888800 22 22 22 22
1261888500 22 22 22 22
1261888200 22 22 22 22
1261887900 22 22 22 22
1261887600 22 22 22 22
1261887300 22 22 22 22
1261887000 22 22 22 22
1261886700 22 22 22 22
1261886400 22 22 22 22
1261886100 22 22 22 22
1261885800 22 22 22 22
1261885500 22 22 22 22
1261885200 22 22 22 22
1261884900 22 22 22 22
1261884600 22 22 22 22
1261884300 22 22 22 22
1261884000 22 22 22 22
1261883700 22 22 22 22
1261883400 22 22 22 22
1261883100 22 22 22 22
1261882800 22 22 22 22
1261882500 22 22 22 22
1261882200 22 22 22 22
1261881900 22 22 22 22
1261881600 22 22 22 22
1261881300 22 22 22 22
1261881000 22 22 22 22
1261880700 22 22 22 22
1261880400 22 22 22 22
1261880100 22 22 22 22
1261879800 22 22 22 22
1261879500 22 22 22 22
1261879200 22 22 22 22
1261878900 22 22 22 22
1261878600 22 22 22 22
1261878300 22 22 22 22
1261878000 22 22 22 22
1261877700 22 22 22 22
1261877400 22 22 22 22
1261877100 22 22 22 22
1261876800 22 22 22 22
1261876500 22 22 22 22
1261876200 22 22 22 22
1261875900 22 22 22 22
1261875600 22 22 22 22
1261875300 22 22 22 22
1261875000 22 22 22 22
1261874700 22 22 22 22
1261874400 22 22 22 22
1261874100 22 22 22 22
1261873800 22 22 22 22
1261873500 22 22 22 22
1261873200 22 22 22 22
1261872900 22 22 22 22
1261872600 22 22 22 22
1261872300 22 22 22 22
1261872000 22 22 22 22
1261871700 22 22 22 22
1261871400 22 22 22 22
1261871100 22 22 22 22
1261870800 22 22 22 22
1261870500 22 22 22 22
1261870200 22 22 22 22
1261869900 22 22 22 22
1261869600 22 22 22 22
1261869300 22 22 22 22
1261869000 22 22 22 22
1261868700 22 22 22 22
1261868400 22 22 22 22
1261868100 22 22 22 22
1261867800 22 22 22 22
1261867500 22 22 22 22
1261867200 22 22 22 22
1261866600 22 22 22 22
1261864800 22 22 22 22
1261863000 22 22 22 22
1261861200 22 22 22 22
1261859400 22 22 22 22
1261857600 22 22 22 22
1261855800 22 22 22 22
1261854000 22 22 22 22
1261852200 22 22 22 22
1261850400 22 22 22 22
1261848600 22 22 22 22
1261846800 22 22 22 22
1261845000 22 22 22 22
1261843200 22 22 22 22
1261841400 22 22 22 22
1261839600 22 22 22 22
1261837800 22 22 22 22
1261836000 22 22 22 22
1261834200 22 22 22 22
1261832400 22 22 22 22
1261830600 22 22 22 22
1261828800 22 22 22 22
1261827000 22 22 22 22
1261825200 22 22 22 22
1261823400 22 22 22 22
1261821600 22 22 22 22
1261819800 22 22 22 22
1261818000 22 22 22 22
1261816200 22 22 22 22
1261814400 22 22 22 22
1261812600 22 22 22 22
1261810800 22 22 22 22
1261809000 22 22 22 22
1261807200 22 22 22 22
1261805400 22 22 22 22
1261803600 22 22 22 22
1261801800 22 22 22 22
1261800000 22 22 22 22
1261798200 22 22 22 22
1261796400 22 22 22 22
1261794600 22 22 22 22
1261792800 22 22 22 22
1261791000 22 22 22 22
1261789200 22 22 22 22
1261787400 22 22 22 22
1261785600 22 22 22 22
1261783800 22 22 22 22
1261782000 22 22 22 22
1261780200 22 22 22 22
1261778400 22 22 22 22
1261776600 22 22 22 22
1261774800 22 22 22 22
1261773000 22 22 22 22
1261771200 22 22 22 22
1261769400 22 22 22 22
1261767600 22 22 22 22
1261765800 22 22 22 22
1261764000 22 22 22 22
1261762200 22 22 22 22
1261760400 22 22 22 22
1261758600 22 22 22 22
1261756800 22 22 22 22
1261755000 22 22 22 22
1261753200 22 22 22 22
1261751400 22 22 22 22
1261749600 22 22 22 22
1261747800 22 22 22 22
1261746000 22 22 22 22
1261744200 22 22 22 22
1261742400 22 22 22 22
1261740600 22 22 22 22
1261738800 22 22 22 22
1261737000 22 22 22 22
1261735200 22 22 22 22
1261733400 22 22 22 22
1261731600 22 22 22 22
1261729800 22 22 22 22
1261728000 22 22 22 22
1261726200 22 22 22 22
1261724400 22 22 22 22
1261722600 22 22 22 22
1261720800 22 22 22 22
1261719000 22 22 22 22
1261717200 22 22 22 22
1261715400 22 22 22 22
1261713600 22 22 22 22
1261711800 22 22 22 22
1261710000 22 22 22 22
1261708200 22 22 22 22
1261706400 22 22 22 22
1261704600 22 22 22 22
1261702800 22 22 22 22
1261701000 22 22 22 22
1261699200 22 22 22 22
1261697400 22 22 22 22
1261695600 22 22 22 22
1261693800 22 22 22 22
1261692000 22 22 22 22
1261690200 22 22 22 22
1261688400 22 22 22 22
1261686600 22 22 22 22
1261684800 22 22 22 22
1261683000 22 22 22 22
1261681200 22 22 22 22
1261679400 22 22 22 22
1261677600 22 22 22 22
1261675800 22 22 22 22
1261674000 22 22 22 22
1261672200 22 22 22 22
1261670400 22 22 22 22
1261668600 22 22 22 22
1261666800 22 22 22 22
1261665000 22 22 22 22
1261663200 22 22 22 22
1261661400 22 22 22 22
1261659600 22 22 22 22
1261657800 22 22 22 22
1261656000 22 22 22 22
1261654200 22 22 22 22
1261652400 22 22 22 22
1261650600 22 22 22 22
1261648800 22 22 22 22
1261647000 22 22 22 22
1261645200 22 22 22 22
1261643400 22 22 22 22
1261641600 22 22 22 22
1261639800 22 22 22 22
1261638000 22 22 22 22
1261636200 22 22 22 22
1261634400 22 22 22 22
1261632600 22 22 22 22
1261630800 22 22 22 22
1261629000 22 22 22 22
1261627200 22 22 22 22
1261625400 22 22 22 22
1261623600 22 22 22 22
1261621800 22 22 22 22
1261620000 22 22 22 22
1261618200 22 22 22 22
1261616400 22 22 22 22
1261614600 22 22 22 22
1261612800 22 22 22 22
1261611000 22 22 22 22
1261609200 22 22 22 22
1261607400 22 22 22 22
1261605600 22 22 22 22
1261603800 22 22 22 22
1261602000 22 22 22 22
1261600200 22 22 22 22
1261598400 22 22 22 22
1261596600 22 22 22 22
1261594800 22 22 22 22
1261593000 22 22 22 22
1261591200 22 22 22 22
1261589400 22 22 22 22
1261587600 22 22 22 22
1261585800 22 22 22 22
1261584000 22 22 22 22
1261582200 22 22 22 22
1261580400 22 22 22 22
1261578600 22 22 22 22
1261576800 22 22 22 22
1261575000 22 22 22 22
1261573200 22 22 22 22
1261571400 22 22 22 22
1261569600 22 22 22 22
1261567800 22 22 22 22
1261566000 22 22 22 22
1261564200 22 22 22 22
1261562400 22 22 22 22
1261560600 22 22 22 22
1261558800 22 22 22 22
1261557000 22 22 22 22
1261555200 22 22 22 22
1261553400 22 22 22 22
1261551600 22 22 22 22
1261549800 22 22 22 22
1261548000 22 22 22 22
1261546200 22 22 22 22
1261544400 22 22 22 22
1261542600 22 22 22 22
1261540800 22 22 22 22
1261539000 22 22 22 22
1261537200 22 22 22 22
1261535400 22 22 22 22
1261533600 22 22 22 22
1261531800 22 22 22 22
1261530000 22 22 22 22
1261528200 22 22 22 22
1261526400 22 22 22 22
1261524600 22 22 22 22
1261522800 22 22 22 22
1261521000 22 22 22 22
1261519200 22 22 22 22
1261517400 22 22 22 22
1261515600 22 22 22 22
1261513800 22 22 22 22
1261512000 22 22 22 22
1261510200 22 22 22 22
1261508400 22 22 22 22
1261506600 22 22 22 22
1261504800 22 22 22 22
1261503000 22 22 22 22
1261501200 22 22 22 22
1261499400 22 22 22 22
1261497600 22 22 22 22
1261495800 22 22 22 22
1261494000 22 22 22 22
1261492200 22 22 22 22
1261490400 22 22 22 22
1261488600 22 22 22 22
1261486800 22 22 22 22
1261485000 22 22 22 22
1261483200 22 22 22 22
1261481400 22 22 22 22
1261479600 22 22 22 22
1261477800 22 22 22 22
1261476000 22 22 22 22
1261474200 22 22 22 22
1261472400 22 22 22 22
1261470600 22 22 22 22
1261468800 22 22 22 22
1261467000 22 22 22 22
1261465200 22 22 22 22
1261463400 22 22 22 22
1261461600 22 22 22 22
1261459800 22 22 22 22
1261458000 22 22 22 22
1261456200 22 22 22 22
1261454400 22 22 22 22
1261452600 22 22 22 22
1261450800 22 22 22 22
1261449000 22 22 22 22
1261447200 22 22 22 22
1261445400 22 22 22 22
1261443600 22 22 22 22
1261441800 22 22 22 22
1261440000 22 22 22 22
1261438200 22 22 22 22
1261436400 22 22 22 22
1261434600 22 22 22 22
1261432800 22 22 22 22
1261431000 22 22 22 22
1261429200 22 22 22 22
1261427400 22 22 22 22
1261425600 22 22 22 22
1261423800 22 22 22 22
1261422000 22 22 22 22
1261420200 22 22 22 22
1261418400 22 22 22 22
1261416600 22 22 22 22
1261414800 22 22 22 22
1261413000 22 22 22 22
1261411200 22 22 22 22
1261409400 22 22 22 22
1261407600 22 22 22 22
1261405800 22 22 22 22
1261404000 22 22 22 22
1261402200 22 22 22 22
1261400400 22 22 22 22
1261398600 22 22 22 22
1261396800 22 22 22 22
1261395000 22 22 22 22
1261393200 22 22 22 22
1261391400 22 22 22 22
1261389600 22 22 22 22
1261387800 22 22 22 22
1261386000 22 22 22 22
1261384200 22 22 22 22
1261382400 22 22 22 22
1261380600 22 22 22 22
1261378800 22 22 22 22
1261377000 22 22 22 22
1261375200 22 22 22 22
1261373400 22 22 22 22
1261371600 22 22 22 22
1261369800 22 22 22 22
1261368000 22 22 22 22
1261366200 22 22 22 22
1261364400 22 22 22 22
1261362600 22 22 22 22
1261360800 22 22 22 22
1261359000 22 22 22 22
1261357200 22 22 22 22
1261355400 22 22 22 22
1261353600 22 22 22 22
1261351800 22 22 22 22
1261350000 22 22 22 22
1261348200 22 22 22 22
1261346400 22 22 22 22
1261344600 22 22 22 22
1261342800 22 22 22 22
1261341000 22 22 22 22
1261339200 22 22 22 22
1261337400 22 22 22 22
1261335600 22 22 22 22
1261333800 22 22 22 22
1261332000 22 22 22 22
1261330200 22 22 22 22
1261328400 22 22 22 22
1261326600 22 22 22 22
1261324800 22 22 22 22
1261323000 22 22 22 22
1261321200 22 22 22 22
1261319400 22 22 22 22
1261317600 22 22 22 22
1261315800 22 22 22 22
1261314000 22 22 22 22
1261312200 22 22 22 22
1261310400 22 22 22 22
1261308600 22 22 22 22
1261306800 22 22 22 22
1261305000 22 22 22 22
1261303200 22 22 22 22
1261301400 22 22 22 22
1261299600 22 22 22 22
1261297800 22 22 22 22
1261296000 22 22 22 22
1261294200 22 22 22 22
1261292400 22 22 22 22
1261290600 22 22 22 22
1261288800 22 22 22 22
1261287000 22 22 22 22
1261285200 22 22 22 22
1261283400 22 22 22 22
1261281600 22 22 22 22
1261279800 22 22 22 22
1261278000 22 22 22 22
1261276200 22 22 22 22
1261274400 22 22 22 22
1261272600 22 22 22 22
1261270800 22 22 22 22
1261269000 22 22 22 22
1261267200 22 22 22 22
1261265400 22 22 22 22
1261263600 22 22 22 22
1261261800 22 22 22 22
1261260000 22 22 22 22
1261258200 22 22 22 22
1261256400 22 22 22 22
1261254600 22 22 22 22
1261252800 22 22 22 22
1261251000 22 22 22 22
1261249200 22 22 22 22
1261247400 22 22 22 22
1261245600 22 22 22 22
1261243800 22 22 22 22
1261242000 22 22 22 22
1261240200 22 22 22 22
1261238400 22 22 22 22
1261236600 22 22 22 22
1261234800 22 22 22 22
1261233000 22 22 22 22
1261231200 22 22 22 22
1261229400 22 22 22 22
1261227600 22 22 22 22
1261225800 22 22 22 22
1261224000 22 22 22 22
1261222200 22 22 22 22
1261220400 22 22 22 22
1261218600 22 22 22 22
1261216800 22 22 22 22
1261215000 22 22 22 22
1261213200 22 22 22 22
1261211400 22 22 22 22
1261209600 22 22 22 22
1261207800 22 22 22 22
1261206000 22 22 22 22
1261204200 22 22 22 22
1261202400 22 22 22 22
1261200600 22 22 22 22
1261198800 22 22 22 22
1261197000 22 22 22 22
1261195200 22 22 22 22
1261193400 22 22 22 22
1261191600 22 22 22 22
1261189800 22 22 22 22
1261188000 22 22 22 22
1261186200 22 22 22 22
1261184400 22 22 22 22
1261182600 22 22 22 22
1261180800 22 22 22 22
1261179000 22 22 22 22
1261177200 22 22 22 22
1261175400 22 22 22 22
1261173600 22 22 22 22
1261171800 22 22 22 22
1261170000 22 22 22 22
1261168200 22 22 22 22
1261166400 22 22 22 22
1261164600 22 22 22 22
1261162800 22 22 22 22
1261161000 22 22 22 22
1261159200 22 22 22 22
1261157400 22 22 22 22
1261155600 22 22 22 22
1261153800 22 22 22 22
1261152000 22 22 22 22
1261150200 22 22 22 22
1261148400 22 22 22 22
1261146600 22 22 22 22
1261144800 22 22 22 22
1261143000 22 22 22 22
1261141200 22 22 22 22
1261139400 22 22 22 22
1261137600 22 22 22 22
1261135800 22 22 22 22
1261134000 22 22 22 22
1261132200 22 22 22 22
1261130400 22 22 22 22
1261128600 22 22 22 22
1261126800 22 22 22 22
1261125000 22 22 22 22
1261123200 22 22 22 22
1261121400 22 22 22 22
1261119600 22 22 22 22
1261117800 22 22 22 22
1261116000 22 22 22 22
1261114200 22 22 22 22
1261112400 22 22 22 22
1261110600 22 22 22 22
1261108800 22 22 22 22
1261107000 22 22 22 22
1261105200 22 22 22 22
1261103400 22 22 22 22
1261101600 22 22 22 22
1261099800 22 22 22 22
1261098000 22 22 22 22
1261096200 22 22 22 22
1261094400 22 22 22 22
1261092600 22 22 22 22
1261090800 22 22 22 22
1261089000 22 22 22 22
1261087200 22 22 22 22
1261085400 22 22 22 22
1261083600 22 22 22 22
1261081800 22 22 22 22
1261080000 22 22 22 22
1261078200 22 22 22 22
1261076400 22 22 22 22
1261074600 22 22 22 22
1261072800 22 22 22 22
1261071000 22 22 22 22
1261069200 22 22 22 22
1261067400 22 22 22 22
1261065600 22 22 22 22
1261063800 22 22 22 22
1261062000 22 22 22 22
1261060200 22 22 22 22
1261058400 22 22 22 22
1261056600 22 22 22 22
1261054800 22 22 22 22
1261053000 22 22 22 22
1261051200 22 22 22 22
1261049400 22 22 22 22
1261047600 22 22 22 22
1261045800 22 22 22 22
1261044000 22 22 22 22
1261042200 22 22 22 22
1261040400 22 22 22 22
1261038600 22 22 22 22
1261036800 22 22 22 22
1261035000 22 22 22 22
1261033200 22 22 22 22
1261031400 22 22 22 22
1261029600 22 22 22 22
1261027800 22 22 22 22
1261026000 22 22 22 22
1261024200 22 22 22 22
1261022400 22 22 22 22
1261020600 22 22 22 22
1261018800 22 22 22 22
1261017000 22 22 22 22
1261015200 22 22 22 22
1261013400 22 22 22 22
1261011600 22 22 22 22
1261009800 22 22 22 22
1261008000 22 22 22 22
1261006200 22 22 22 22
1261004400 22 22 22 22
1261002600 22 22 22 22
1261000800 22 22 22 22
1260999000 22 22 22 22
1260997200 22 22 22 22
1260995400 22 22 22 22
1260993600 22 22 22 22
1260991800 22 22 22 22
1260990000 22 22 22 22
1260988200 22 22 22 22
1260986400 22 22 22 22
1260984600 22 22 22 22
1260982800 22 22 22 22
1260981000 22 22 22 22
1260979200 22 22 22 22
1260977400 22 22 22 22
1260975600 22 22 22 22
1260973800 22 22 22 22
1260972000 22 22 22 22
1260970200 22 22 22 22
1260968400 22 22 22 22
1260966600 22 22 22 22
1260964800 22 22 22 22
1260963000 22 22 22 22
1260961200 22 22 22 22
1260959400 22 22 22 22
1260957600 22 22 22 22
1260955800 22 22 22 22
1260954000 22 22 22 22
1260952200 22 22 22 22
1260950400 22 22 22 22
1260948600 22 22 22 22
1260946800 22 22 22 22
1260945000 22 22 22 22
1260943200 22 22 22 22
1260941400 22 22 22 22
1260939600 22 22 22 22
1260937800 22 22 22 22
1260936000 22 22 22 22
1260934200 22 22 22 22
1260932400 22 22 22 22
1260930600 22 22 22 22
1260928800 22 22 22 22
1260927000 22 22 22 22
1260925200 22 22 22 22
1260923400 22 22 22 22
1260921600 22 22 22 22
1260919800 22 22 22 22
1260918000 22 22 22 22
1260916200 22 22 22 22
1260914400 22 22 22 22
1260912600 22 22 22 22
1260910800 22 22 22 22
1260909000 22 22 22 22
1260907200 22 22 22 22
1260905400 22 22 22 22
1260903600 22 22 22 22
1260901800 22 22 22 22
1260900000 22 22 22 22
1260898200 22 22 22 22
1260896400 22 22 22 22
1260894600 22 22 22 22
1260892800 22 22 22 22
1260891000 22 22 22 22
1260889200 22 22 22 22
1260887400 22 22 22 22
1260885600 22 22 22 22
1260883800 22 22 22 22
1260882000 22 22 22 22
1260880200 22 22 22 22
1260878400 22 22 22 22
1260876600 22 22 22 22
1260874800 22 22 22 22
1260873000 22 22 22 22
1260871200 22 22 22 22
1260869400 22 22 22 22
1260867600 22 22 22 22
1260865800 22 22 22 22
1260864000 22 22 22 22
1260862200 22 22 22 22
1260860400 22 22 22 22
1260858600 22 22 22 22
1260856800 22 22 22 22
1260855000 22 22 22 22
1260853200 22 22 22 22
1260851400 22 22 22 22
1260849600 22 22 22 22
1260847800 22 22 22 22
1260846000 22 22 22 22
1260844200 22 22 22 22
1260842400 22 22 22 22
1260840600 22 22 22 22
1260838800 22 22 22 22
1260837000 22 22 22 22
1260835200 22 22 22 22
1260833400 22 22 22 22
1260831600 22 22 22 22
1260829800 22 22 22 22
1260828000 22 22 22 22
1260826200 22 22 22 22
1260824400 22 22 22 22
1260822600 22 22 22 22
1260820800 22 22 22 22
1260819000 22 22 22 22
1260817200 22 22 22 22
1260815400 22 22 22 22
1260813600 22 22 22 22
1260811800 22 22 22 22
1260810000 22 22 22 22
1260808200 22 22 22 22
1260806400 22 22 22 22
1260804600 22 22 22 22
1260802800 22 22 22 22
1260801000 22 22 22 22
1260799200 22 22 22 22
1260797400 22 22 22 22
1260795600 22 22 22 22
1260793800 22 22 22 22
1260792000 22 22 22 22
1260790200 22 22 22 22
1260788400 22 22 22 22
1260786600 22 22 22 22
1260784800 22 22 22 22
1260777600 22 22 22 22
1260770400 22 22 22 22
1260763200 22 22 22 22
1260756000 22 22 22 22
1260748800 22 22 22 22
1260741600 22 22 22 22
1260734400 22 22 22 22
1260727200 22 22 22 22
1260720000 22 22 22 22
1260712800 22 22 22 22
1260705600 22 22 22 22
1260698400 22 22 22 22
1260691200 22 22 22 22
1260684000 22 22 22 22
1260676800 22 22 22 22
1260669600 22 22 22 22
1260662400 22 22 22 22
1260655200 22 22 22 22
1260648000 22 22 22 22
1260640800 22 22 22 22
1260633600 22 22 22 22
1260626400 22 22 22 22
1260619200 22 22 22 22
1260612000 22 22 22 22
1260604800 22 22 22 22
1260597600 22 22 22 22
1260590400 22 22 22 22
1260583200 22 22 22 22
1260576000 22 22 22 22
1260568800 22 22 22 22
1260561600 22 22 22 22
1260554400 22 22 22 22
1260547200 22 22 22 22
1260540000 22 22 22 22
1260532800 22 22 22 22
1260525600 22 22 22 22
1260518400 22 22 22 22
1260511200 22 22 22 22
1260504000 22 22 22 22
1260496800 22 22 22 22
1260489600 22 22 22 22
1260482400 22 22 22 22
1260475200 22 22 22 22
1260468000 22 22 22 22
1260460800 22 22 22 22
1260453600 22 22 22 22
1260446400 22 22 22 22
1260439200 22 22 22 22
1260432000 22 22 22 22
1260424800 22 22 22 22
1260417600 22 22 22 22
1260410400 22 22 22 22
1260403200 22 22 22 22
1260396000 22 22 22 22
1260388800 22 22 22 22
1260381600 22 22 22 22
1260374400 22 22 22 22
1260367200 22 22 22 22
1260360000 22 22 22 22
1260352800 22 22 22 22
1260345600 22 22 22 22
1260338400 22 22 22 22
1260331200 22 22 22 22
1260324000 22 22 22 22
1260316800 22 22 22 22
1260309600 22 22 22 22
1260302400 22 22 22 22
1260295200 22 22 22 22
1260288000 22 22 22 22
1260280800 22 22 22 22
1260273600 22 22 22 22
1260266400 22 22 22 22
1260259200 22 22 22 22
1260252000 22 22 22 22
1260244800 22 22 22 22
1260237600 22 22 22 22
1260230400 22 22 22 22
1260223200 22 22 22 22
1260216000 22 22 22 22
1260208800 22 22 22 22
1260201600 22 22 22 22
1260194400 22 22 22 22
1260187200 22 22 22 22
1260180000 22 22 22 22
1260172800 22 22 22 22
1260165600 22 22 22 22
1260158400 22 22 22 22
1260151200 22 22 22 22
1260144000 22 22 22 22
1260136800 22 22 22 22
1260129600 22 22 22 22
1260122400 22 22 22 22
1260115200 22 22 22 22
1260108000 22 22 22 22
1260100800 22 22 22 22
1260093600 22 22 22 22
1260086400 22 22 22 22
1260079200 22 22 22 22
1260072000 22 22 22 22
1260064800 22 22 22 22
1260057600 22 22 22 22
1260050400 22 22 22 22
1260043200 22 22 22 22
1260036000 22 22 22 22
1260028800 22 22 22 22
1260021600 22 22 22 22
1260014400 22 22 22 22
1260007200 22 22 22 22
1260000000 22 22 22 22
1259992800 22 22 22 22
1259985600 22 22 22 22
1259978400 22 22 22 22
1259971200 22 22 22 22
1259964000 22 22 22 22
1259956800 22 22 22 22
1259949600 22 22 22 22
1259942400 22 22 22 22
1259935200 22 22 22 22
1259928000 22 22 22 22
1259920800 22 22 22 22
1259913600 22 22 22 22
1259906400 22 22 22 22
1259899200 22 22 22 22
1259892000 22 22 22 22
1259884800 22 22 22 22
1259877600 22 22 22 22
1259870400 22 22 22 22
1259863200 22 22 22 22
1259856000 22 22 22 22
1259848800 22 22 22 22
1259841600 22 22 22 22
1259834400 22 22 22 22
1259827200 22 22 22 22
1259820000 22 22 22 22
1259812800 22 22 22 22
1259805600 22 22 22 22
1259798400 22 22 22 22
1259791200 22 22 22 22
1259784000 22 22 22 22
1259776800 22 22 22 22
1259769600 22 22 22 22
1259762400 22 22 22 22
1259755200 22 22 22 22
1259748000 22 22 22 22
1259740800 22 22 22 22
1259733600 22 22 22 22
1259726400 22 22 22 22
1259719200 22 22 22 22
1259712000 22 22 22 22
1259704800 22 22 22 22
1259697600 22 22 22 22
1259690400 22 22 22 22
1259683200 22 22 22 22
1259676000 22 22 22 22
1259668800 22 22 22 22
1259661600 22 22 22 22
1259654400 22 22 22 22
1259647200 22 22 22 22
1259640000 22 22 22 22
1259632800 22 22 22 22
1259625600 22 22 22 22
1259618400 22 22 22 22
1259611200 22 22 22 22
1259604000 22 22 22 22
1259596800 22 22 22 22
1259589600 22 22 22 22
1259582400 22 22 22 22
1259575200 22 22 22 22
1259568000 22 22 22 22
1259560800 22 22 22 22
1259553600 22 22 22 22
1259546400 22 22 22 22
1259539200 22 22 22 22
1259532000 22 22 22 22
1259524800 22 22 22 22
1259517600 22 22 22 22
1259510400 22 22 22 22
1259503200 22 22 22 22
1259496000 22 22 22 22
1259488800 22 22 22 22
1259481600 22 22 22 22
1259474400 22 22 22 22
1259467200 22 22 22 22
1259460000 22 22 22 22
1259452800 22 22 22 22
1259445600 22 22 22 22
1259438400 22 22 22 22
1259431200 22 22 22 22
1259424000 22 22 22 22
1259416800 22 22 22 22
1259409600 22 22 22 22
1259402400 22 22 22 22
1259395200 22 22 22 22
1259388000 22 22 22 22
1259380800 22 22 22 22
1259373600 22 22 22 22
1259366400 22 22 22 22
1259359200 22 22 22 22
1259352000 22 22 22 22
1259344800 22 22 22 22
1259337600 22 22 22 22
1259330400 22 22 22 22
1259323200 22 22 22 22
1259316000 22 22 22 22
1259308800 22 22 22 22
1259301600 22 22 22 22
1259294400 22 22 22 22
1259287200 22 22 22 22
1259280000 22 22 22 22
1259272800 22 22 22 22
1259265600 22 22 22 22
1259258400 22 22 22 22
1259251200 22 22 22 22
1259244000 22 22 22 22
1259236800 22 22 22 22
1259229600 22 22 22 22
1259222400 22 22 22 22
1259215200 22 22 22 22
1259208000 22 22 22 22
1259200800 22 22 22 22
1259193600 22 22 22 22
1259186400 22 22 22 22
1259179200 22 22 22 22
1259172000 22 22 22 22
1259164800 22 22 22 22
1259157600 22 22 22 22
1259150400 22 22 22 22
1259143200 22 22 22 22
1259136000 22 22 22 22
1259128800 22 22 22 22
1259121600 22 22 22 22
1259114400 22 22 22 22
1259107200 22 22 22 22
1259100000 22 22 22 22
1259092800 22 22 22 22
1259085600 22 22 22 22
1259078400 22 22 22 22
1259071200 22 22 22 22
1259064000 22 22 22 22
1259056800 22 22 22 22
1259049600 22 22 22 22
1259042400 22 22 22 22
1259035200 22 22 22 22
1259028000 22 22 22 22
1259020800 22 22 22 22
1259013600 22 22 22 22
1259006400 22 22 22 22
1258999200 22 22 22 22
1258992000 22 22 22 22
1258984800 22 22 22 22
1258977600 22 22 22 22
1258970400 22 22 22 22
1258963200 22 22 22 22
1258956000 22 22 22 22
1258948800 22 22 22 22
1258941600 22 22 22 22
1258934400 22 22 22 22
1258927200 22 22 22 22
1258920000 22 22 22 22
1258912800 22 22 22 22
1258905600 22 22 22 22
1258898400 22 22 22 22
1258891200 22 22 22 22
1258884000 22 22 22 22
1258876800 22 22 22 22
1258869600 22 22 22 22
1258862400 22 22 22 22
1258855200 22 22 22 22
1258848000 22 22 22 22
1258840800 22 22 22 22
1258833600 22 22 22 22
1258826400 22 22 22 22
1258819200 22 22 22 22
1258812000 22 22 22 22
1258804800 22 22 22 22
1258797600 22 22 22 22
1258790400 22 22 22 22
1258783200 22 22 22 22
1258776000 22 22 22 22
1258768800 22 22 22 22
1258761600 22 22 22 22
1258754400 22 22 22 22
1258747200 22 22 22 22
1258740000 22 22 22 22
1258732800 22 22 22 22
1258725600 22 22 22 22
1258718400 22 22 22 22
1258711200 22 22 22 22
1258704000 22 22 22 22
1258696800 22 22 22 22
1258689600 22 22 22 22
1258682400 22 22 22 22
1258675200 22 22 22 22
1258668000 22 22 22 22
1258660800 22 22 22 22
1258653600 22 22 22 22
1258646400 22 22 22 22
1258639200 22 22 22 22
1258632000 22 22 22 22
1258624800 22 22 22 22
1258617600 22 22 22 22
1258610400 22 22 22 22
1258603200 22 22 22 22
1258596000 22 22 22 22
1258588800 22 22 22 22
1258581600 22 22 22 22
1258574400 22 22 22 22
1258567200 22 22 22 22
1258560000 22 22 22 22
1258552800 22 22 22 22
1258545600 22 22 22 22
1258538400 22 22 22 22
1258531200 22 22 22 22
1258524000 22 22 22 22
1258516800 22 22 22 22
1258509600 22 22 22 22
1258502400 22 22 22 22
1258495200 22 22 22 22
1258488000 22 22 22 22
1258480800 22 22 22 22
1258473600 22 22 22 22
1258466400 22 22 22 22
1258459200 22 22 22 22
1258452000 22 22 22 22
1258444800 22 22 22 22
1258437600 22 22 22 22
1258430400 22 22 22 22
1258423200 22 22 22 22
1258416000 22 22 22 22
1258408800 22 22 22 22
1258401600 22 22 22 22
1258394400 22 22 22 22
1258387200 22 22 22 22
1258380000 22 22 22 22
1258372800 22 22 22 22
1258365600 22 22 22 22
1258358400 22 22 22 22
1258351200 22 22 22 22
1258344000 22 22 22 22
1258336800 22 22 22 22
1258329600 22 22 22 22
1258322400 22 22 22 22
1258315200 22 22 22 22
1258308000 22 22 22 22
1258300800 22 22 22 22
1258293600 22 22 22 22
1258286400 22 22 22 22
1258279200 22 22 22 22
1258272000 22 22 22 22
1258264800 22 22 22 22
1258257600 22 22 22 22
1258250400 22 22 22 22
1258243200 22 22 22 22
1258236000 22 22 22 22
1258228800 22 22 22 22
1258221600 22 22 22 22
1258214400 22 22 22 22
1258207200 22 22 22 22
1258200000 22 22 22 22
1258192800 22 22 22 22
1258185600 22 22 22 22
1258178400 22 22 22 22
1258171200 22 22 22 22
1258164000 22 22 22 22
1258156800 22 22 22 22
1258149600 22 22 22 22
1258142400 22 22 22 22
1258135200 22 22 22 22
1258128000 22 22 22 22
1258120800 22 22 22 22
1258113600 22 22 22 22
1258106400 22 22 22 22
1258099200 22 22 22 22
1258092000 22 22 22 22
1258084800 22 22 22 22
1258077600 22 22 22 22
1258070400 22 22 22 22
1258063200 22 22 22 22
1258056000 22 22 22 22
1258048800 22 22 22 22
1258041600 22 22 22 22
1258034400 22 22 22 22
1258027200 22 22 22 22
1258020000 22 22 22 22
1258012800 22 22 22 22
1258005600 22 22 22 22
1257998400 22 22 22 22
1257991200 22 22 22 22
1257984000 22 22 22 22
1257976800 22 22 22 22
1257969600 22 22 22 22
1257962400 22 22 22 22
1257955200 22 22 22 22
1257948000 22 22 22 22
1257940800 22 22 22 22
1257933600 22 22 22 22
1257926400 22 22 22 22
1257919200 22 22 22 22
1257912000 22 22 22 22
1257904800 22 22 22 22
1257897600 22 22 22 22
1257890400 22 22 22 22
1257883200 22 22 22 22
1257876000 22 22 22 22
1257868800 22 22 22 22
1257861600 22 22 22 22
1257854400 22 22 22 22
1257847200 22 22 22 22
1257840000 22 22 22 22
1257832800 22 22 22 22
1257825600 22 22 22 22
1257818400 22 22 22 22
1257811200 22 22 22 22
1257804000 22 22 22 22
1257796800 22 22 22 22
1257789600 22 22 22 22
1257782400 22 22 22 22
1257775200 22 22 22 22
1257768000 22 22 22 22
1257760800 22 22 22 22
1257753600 22 22 22 22
1257746400 22 22 22 22
1257739200 22 22 22 22
1257732000 22 22 22 22
1257724800 22 22 22 22
1257717600 22 22 22 22
1257710400 22 22 22 22
1257703200 22 22 22 22
1257696000 22 22 22 22
1257688800 22 22 22 22
1257681600 22 22 22 22
1257674400 22 22 22 22
1257667200 22 22 22 22
1257660000 22 22 22 22
1257652800 22 22 22 22
1257645600 22 22 22 22
1257638400 22 22 22 22
1257631200 22 22 22 22
1257624000 22 22 22 22
1257616800 22 22 22 22
1257609600 22 22 22 22
1257602400 22 22 22 22
1257595200 22 22 22 22
1257588000 22 22 22 22
1257580800 22 22 22 22
1257573600 22 22 22 22
1257566400 22 22 22 22
1257559200 22 22 22 22
1257552000 22 22 22 22
1257544800 22 22 22 22
1257537600 22 22 22 22
1257530400 22 22 22 22
1257523200 22 22 22 22
1257516000 22 22 22 22
1257508800 22 22 22 22
1257501600 22 22 22 22
1257494400 22 22 22 22
1257487200 22 22 22 22
1257480000 22 22 22 22
1257472800 22 22 22 22
1257465600 22 22 22 22
1257458400 22 22 22 22
1257451200 22 22 22 22
1257444000 22 22 22 22
1257436800 22 22 22 22
1257429600 22 22 22 22
1257422400 22 22 22 22
1257415200 22 22 22 22
1257408000 22 22 22 22
1257400800 22 22 22 22
1257393600 22 22 22 22
1257386400 22 22 22 22
1257379200 22 22 22 22
1257372000 22 22 22 22
1257364800 22 22 22 22
1257357600 22 22 22 22
1257350400 22 22 22 22
1257343200 22 22 22 22
1257336000 22 22 22 22
1257328800 22 22 22 22
1257321600 22 22 22 22
1257314400 22 22 22 22
1257307200 22 22 22 22
1257300000 22 22 22 22
1257292800 22 22 22 22
1257285600 22 22 22 22
1257278400 22 22 22 22
1257271200 22 22 22 22
1257264000 22 22 22 22
1257256800 22 22 22 22
1257249600 22 22 22 22
1257242400 22 22 22 22
1257235200 22 22 22 22
1257228000 22 22 22 22
1257220800 22 22 22 22
1257213600 22 22 22 22
1257206400 22 22 22 22
1257199200 22 22 22 22
1257192000 22 22 22 22
1257184800 22 22 22 22
1257177600 22 22 22 22
1257170400 22 22 22 22
1257163200 22 22 22 22
1257156000 22 22 22 22
1257148800 22 22 22 22
1257141600 22 22 22 22
1257134400 22 22 22 22
1257127200 22 22 22 22
1257120000 22 22 22 22
1257112800 22 22 22 22
1257105600 22 22 22 22
1257098400 22 22 22 22
1257091200 22 22 22 22
1257084000 22 22 22 22
1257076800 22 22 22 22
1257069600 22 22 22 22
1257062400 22 22 22 22
1257055200 22 22 22 22
1257048000 22 22 22 22
1257040800 22 22 22 22
1257033600 22 22 22 22
1257026400 22 22 22 22
1257019200 22 22 22 22
1257012000 22 22 22 22
1257004800 22 22 22 22
1256997600 22 22 22 22
1256990400 22 22 22 22
1256983200 22 22 22 22
1256976000 22 22 22 22
1256968800 22 22 22 22
1256961600 22 22 22 22
1256954400 22 22 22 22
1256947200 22 22 22 22
1256940000 22 22 22 22
1256932800 22 22 22 22
1256925600 22 22 22 22
1256918400 22 22 22 22
1256911200 22 22 22 22
1256904000 22 22 22 22
1256896800 22 22 22 22
1256889600 22 22 22 22
1256882400 22 22 22 22
1256875200 22 22 22 22
1256868000 22 22 22 22
1256860800 22 22 22 22
1256853600 22 22 22 22
1256846400 22 22 22 22
1256839200 22 22 22 22
1256832000 22 22 22 22
1256824800 22 22 22 22
1256817600 22 22 22 22
1256810400 22 22 22 22
1256803200 22 22 22 22
1256796000 22 22 22 22
1256788800 22 22 22 22
1256781600 22 22 22 22
1256774400 22 22 22 22
1256767200 22 22 22 22
1256760000 22 22 22 22
1256752800 22 22 22 22
1256745600 22 22 22 22
1256738400 22 22 22 22
1256731200 22 22 22 22
1256724000 22 22 22 22
1256716800 22 22 22 22
1256709600 22 22 22 22
1256702400 22 22 22 22
1256695200 22 22 22 22
1256688000 22 22 22 22
1256680800 22 22 22 22
1256673600 22 22 22 22
1256666400 22 22 22 22
1256659200 22 22 22 22
1256652000 22 22 22 22
1256644800 22 22 22 22
1256637600 22 22 22 22
1256630400 22 22 22 22
1256623200 22 22 22 22
1256616000 22 22 22 22
1256608800 22 22 22 22
1256601600 22 22 22 22
1256594400 22 22 22 22
1256587200 22 22 22 22
1256580000 22 22 22 22
1256572800 22 22 22 22
1256565600 22 22 22 22
1256558400 22 22 22 22
1256551200 22 22 22 22
1256544000 22 22 22 22
1256536800 22 22 22 22
1256529600 22 22 22 22
1256522400 22 22 22 22
1256515200 22 22 22 22
1256508000 22 22 22 22
1256500800 22 22 22 22
1256493600 22 22 22 22
1256486400 22 22 22 22
1256479200 22 22 22 22
1256472000 22 22 22 22
1256464800 22 22 22 22
1256428800 22 22 22 22
1256342400 22 22 22 22
1256256000 22 22 22 22
1256169600 22 22 22 22
1256083200 22 22 22 22
1255996800 22 22 22 22
1255910400 22 22 22 22
1255824000 22 22 22 22
1255737600 22 22 22 22
1255651200 22 22 22 22
1255564800 22 22 22 22
1255478400 22 22 22 22
1255392000 22 22 22 22
1255305600 22 22 22 22
1255219200 22 22 22 22
1255132800 22 22 22 22
1255046400 22 22 22 22
1254960000 22 22 22 22
1254873600 22 22 22 22
1254787200 22 22 22 22
1254700800 22 22 22 22
1254614400 22 22 22 22
1254528000 22 22 22 22
1254441600 22 22 22 22
1254355200 22 22 22 22
1254268800 22 22 22 22
1254182400 22 22 22 22
1254096000 22 22 22 22
1254009600 22 22 22 22
1253923200 22 22 22 22
1253836800 22 22 22 22
1253750400 22 22 22 22
1253664000 22 22 22 22
1253577600 22 22 22 22
1253491200 22 22 22 22
1253404800 22 22 22 22
1253318400 22 22 22 22
1253232000 22 22 22 22
1253145600 22 22 22 22
1253059200 22 22 22 22
1252972800 22 22 22 22
1252886400 22 22 22 22
1252800000 22 22 22 22
1252713600 22 22 22 22
1252627200 22 22 22 22
1252540800 22 22 22 22
1252454400 22 22 22 22
1252368000 22 22 22 22
1252281600 22 22 22 22
1252195200 22 22 22 22
1252108800 22 22 22 22
1252022400 22 22 22 22
1251936000 22 22 22 22
1251849600 22 22 22 22
1251763200 22 22 22 22
1251676800 22 22 22 22
1251590400 22 22 22 22
1251504000 22 22 22 22
1251417600 22 22 22 22
1251331200 22 22 22 22
1251244800 22 22 22 22
1251158400 22 22 22 22
1251072000 22 22 22 22
1250985600 22 22 22 22
1250899200 22 22 22 22
1250812800 22 22 22 22
1250726400 22 22 22 22
1250640000 22 22 22 22
1250553600 22 22 22 22
1250467200 22 22 22 22
1250380800 22 22 22 22
1250294400 22 22 22 22
1250208000 22 22 22 22
1250121600 22 22 22 22
1250035200 22 22 22 22
1249948800 22 22 22 22
1249862400 22 22 22 22
1249776000 22 22 22 22
1249689600 22 22 22 22
1249603200 22 22 22 22
1249516800 22 22 22 22
1249430400 22 22 22 22
1249344000 22 22 22 22
1249257600 22 22 22 22
1249171200 22 22 22 22
1249084800 22 22 22 22
1248998400 22 22 22 22
1248912000 22 22 22 22
1248825600 22 22 22 22
1248739200 22 22 22 22
1248652800 22 22 22 22
1248566400 22 22 22 22
1248480000 22 22 22 22
1248393600 22 22 22 22
1248307200 22 22 22 22
1248220800 22 22 22 22
1248134400 22 22 22 22
1248048000 22 22 22 22
1247961600 22 22 22 22
1247875200 22 22 22 22
1247788800 22 22 22 22
1247702400 22 22 22 22
1247616000 22 22 22 22
1247529600 22 22 22 22
1247443200 22 22 22 22
1247356800 22 22 22 22
1247270400 22 22 22 22
1247184000 22 22 22 22
1247097600 22 22 22 22
1247011200 22 22 22 22
1246924800 22 22 22 22
1246838400 22 22 22 22
1246752000 22 22 22 22
1246665600 22 22 22 22
1246579200 22 22 22 22
1246492800 22 22 22 22
1246406400 22 22 22 22
1246320000 22 22 22 22
1246233600 22 22 22 22
1246147200 22 22 22 22
1246060800 22 22 22 22
1245974400 22 22 22 22
1245888000 22 22 22 22
1245801600 22 22 22 22
1245715200 22 22 22 22
1245628800 22 22 22 22
1245542400 22 22 22 22
1245456000 22 22 22 22
1245369600 22 22 22 22
1245283200 22 22 22 22
1245196800 22 22 22 22
1245110400 22 22 22 22
1245024000 22 22 22 22
1244937600 22 22 22 22
1244851200 22 22 22 22
1244764800 22 22 22 22
1244678400 22 22 22 22
1244592000 22 22 22 22
1244505600 22 22 22 22
1244419200 22 22 22 22
1244332800 22 22 22 22
1244246400 22 22 22 22
1244160000 22 22 22 22
1244073600 22 22 22 22
1243987200 22 22 22 22
1243900800 22 22 22 22
1243814400 22 22 22 22
1243728000 22 22 22 22
1243641600 22 22 22 22
1243555200 22 22 22 22
1243468800 22 22 22 22
1243382400 22 22 22 22
1243296000 22 22 22 22
1243209600 22 22 22 22
1243123200 22 22 22 22
1243036800 22 22 22 22
1242950400 22 22 22 22
1242864000 22 22 22 22
1242777600 22 22 22 22
1242691200 22 22 22 22
1242604800 22 22 22 22
1242518400 22 22 22 22
1242432000 22 22 22 22
1242345600 22 22 22 22
1242259200 22 22 22 22
1242172800 22 22 22 22
1242086400 22 22 22 22
1242000000 22 22 22 22
1241913600 22 22 22 22
1241827200 22 22 22 22
1241740800 22 22 22 22
1241654400 22 22 22 22
1241568000 22 22 22 22
1241481600 22 22 22 22
1241395200 22 22 22 22
1241308800 22 22 22 22
1241222400 22 22 22 22
1241136000 22 22 22 22
1241049600 22 22 22 22
1240963200 22 22 22 22
1240876800 22 22 22 22
1240790400 22 22 22 22
1240704000 22 22 22 22
1240617600 22 22 22 22
1240531200 22 22 22 22
1240444800 22 22 22 22
1240358400 22 22 22 22
1240272000 22 22 22 22
1240185600 22 22 22 22
1240099200 22 22 22 22
1240012800 22 22 22 22
1239926400 22 22 22 22
1239840000 22 22 22 22
1239753600 22 22 22 22
1239667200 22 22 22 22
1239580800 22 22 22 22
1239494400 22 22 22 22
1239408000 22 22 22 22
1239321600 22 22 22 22
1239235200 22 22 22 22
1239148800 22 22 22 22
1239062400 22 22 22 22
1238976000 22 22 22 22
1238889600 22 22 22 22
1238803200 22 22 22 22
1238716800 22 22 22 22
1238630400 22 22 22 22
1238544000 22 22 22 22
1238457600 22 22 22 22
1238371200 22 22 22 22
1238284800 22 22 22 22
1238198400 22 22 22 22
1238112000 22 22 22 22
1238025600 22 22 22 22
1237939200 22 22 22 22
1237852800 22 22 22 22
1237766400 22 22 22 22
1237680000 22 22 22 22
1237593600 22 22 22 22
1237507200 22 22 22 22
1237420800 22 22 22 22
1237334400 22 22 22 22
1237248000 22 22 22 22
1237161600 22 22 22 22
1237075200 22 22 22 22
1236988800 22 22 22 22
1236902400 22 22 22 22
1236816000 22 22 22 22
1236729600 22 22 22 22
1236643200 22 22 22 22
1236556800 22 22 22 22
1236470400 22 22 22 22
1236384000 22 22 22 22
1236297600 22 22 22 22
1236211200 22 22 22 22
1236124800 22 22 22 22
1236038400 22 22 22 22
1235952000 22 22 22 22
1235865600 22 22 22 22
1235779200 22 22 22 22
1235692800 22 22 22 22
1235606400 22 22 22 22
1235520000 22 22 22 22
1235433600 22 22 22 22
1235347200 22 22 22 22
1235260800 22 22 22 22
1235174400 22 22 22 22
1235088000 22 22 22 22
1235001600 22 22 22 22
1234915200 22 22 22 22
1234828800 22 22 22 22
1234742400 22 22 22 22
1234656000 22 22 22 22
1234569600 22 22 22 22
1234483200 22 22 22 22
1234396800 22 22 22 22
1234310400 22 22 22 22
1234224000 22 22 22 22
1234137600 22 22 22 22
1234051200 22 22 22 22
1233964800 22 22 22 22
1233878400 22 22 22 22
1233792000 22 22 22 22
1233705600 22 22 22 22
1233619200 22 22 22 22
1233532800 22 22 22 22
1233446400 22 22 22 22
1233360000 22 22 22 22
1233273600 22 22 22 22
1233187200 22 22 22 22
1233100800 22 22 22 22
1233014400 22 22 22 22
1232928000 22 22 22 22
1232841600 22 22 22 22
1232755200 22 22 22 22
1232668800 22 22 22 22
1232582400 22 22 22 22
1232496000 22 22 22 22
1232409600 22 22 22 22
1232323200 22 22 22 22
1232236800 22 22 22 22
1232150400 22 22 22 22
1232064000 22 22 22 22
1231977600 22 22 22 22
1231891200 22 22 22 22
1231804800 22 22 22 22
1231718400 22 22 22 22
1231632000 22 22 22 22
1231545600 22 22 22 22
1231459200 22 22 22 22
1231372800 22 22 22 22
1231286400 22 22 22 22
1231200000 22 22 22 22
1231113600 22 22 22 22
1231027200 22 22 22 22
1230940800 22 22 22 22
1230854400 22 22 22 22
1230768000 22 22 22 22
1230681600 22 22 22 22
1230595200 22 22 22 22
1230508800 22 22 22 22
1230422400 22 22 22 22
1230336000 22 22 22 22
1230249600 22 22 22 22
1230163200 22 22 22 22
1230076800 22 22 22 22
1229990400 22 22 22 22
1229904000 22 22 22 22
1229817600 22 22 22 22
1229731200 22 22 22 22
1229644800 22 22 22 22
1229558400 22 22 22 22
1229472000 22 22 22 22
1229385600 22 22 22 22
1229299200 22 22 22 22
1229212800 22 22 22 22
1229126400 22 22 22 22
1229040000 22 22 22 22
1228953600 22 22 22 22
1228867200 22 22 22 22
1228780800 22 22 22 22
1228694400 22 22 22 22
1228608000 22 22 22 22
1228521600 22 22 22 22
1228435200 22 22 22 22
1228348800 22 22 22 22
1228262400 22 22 22 22
1228176000 22 22 22 22
1228089600 22 22 22 22
1228003200 22 22 22 22
1227916800 22 22 22 22
1227830400 22 22 22 22
1227744000 22 22 22 22
1227657600 22 22 22 22
1227571200 22 22 22 22
1227484800 22 22 22 22
1227398400 22 22 22 22
1227312000 22 22 22 22
1227225600 22 22 22 22
1227139200 22 22 22 22
1227052800 22 22 22 22
1226966400 22 22 22 22
1226880000 22 22 22 22
1226793600 22 22 22 22
1226707200 22 22 22 22
1226620800 22 22 22 22
1226534400 22 22 22 22
1226448000 22 22 22 22
1226361600 22 22 22 22
1226275200 22 22 22 22
1226188800 22 22 22 22
1226102400 22 22 22 22
1226016000 22 22 22 22
1225929600 22 22 22 22
1225843200 22 22 22 22
1225756800 22 22 22 22
1225670400 22 22 22 22
1225584000 22 22 22 22
1225497600 22 22 22 22
1225411200 22 22 22 22
1225324800 22 22 22 22
1225238400 22 22 22 22
1225152000 22 22 22 22
1225065600 22 22 22 22
1224979200 22 22 22 22
1224892800 22 22 22 22
1224806400 22 22 22 22
1224720000 22 22 22 22
1224633600 22 22 22 22
1224547200 22 22 22 22
1224460800 22 22 22 22
1224374400 22 22 22 22
1224288000 22 22 22 22
1224201600 22 22 22 22
1224115200 22 22 22 22
1224028800 22 22 22 22
1223942400 22 22 22 22
1223856000 22 22 22 22
1223769600 22 22 22 22
1223683200 22 22 22 22
1223596800 22 22 22 22
1223510400 22 22 22 22
1223424000 22 22 22 22
1223337600 22 22 22 22
1223251200 22 22 22 22
1223164800 22 22 22 22
1223078400 22 22 22 22
1222992000 22 22 22 22
1222905600 22 22 22 22
1222819200 22 22 22 22
1222732800 22 22 22 22
1222646400 22 22 22 22
1222560000 22 22 22 22
1222473600 22 22 22 22
1222387200 22 22 22 22
1222300800 22 22 22 22
1222214400 22 22 22 22
1222128000 22 22 22 22
1222041600 22 22 22 22
1221955200 22 22 22 22
1221868800 22 22 22 22
1221782400 22 22 22 22
1221696000 22 22 22 22
1221609600 22 22 22 22
1221523200 22 22 22 22
1221436800 22 22 22 22
1221350400 22 22 22 22
1221264000 22 22 22 22
1221177600 22 22 22 22
1221091200 22 22 22 22
1221004800 22 22 22 22
1220918400 22 22 22 22
1220832000 22 22 22 22
1220745600 22 22 22 22
1220659200 22 22 22 22
1220572800 22 22 22 22
1220486400 22 22 22 22
1220400000 22 22 22 22
1220313600 22 22 22 22
1220227200 22 22 22 22
1220140800 22 22 22 22
1220054400 22 22 22 22
1219968000 22 22 22 22
1219881600 22 22 22 22
1219795200 22 22 22 22
1219708800 22 22 22 22
1219622400 22 22 22 22
1219536000 22 22 22 22
1219449600 22 22 22 22
1219363200 22 22 22 22
1219276800 22 22 22 22
1219190400 22 22 22 22
1219104000 22 22 22 22
1219017600 22 22 22 22
1218931200 22 22 22 22
1218844800 22 22 22 22
1218758400 22 22 22 22
1218672000 22 22 22 22
1218585600 22 22 22 22
1218499200 22 22 22 22
1218412800 22 22 22 22
1218326400 22 22 22 22
1218240000 22 22 22 22
1218153600 22 22 22 22
1218067200 22 22 22 22
1217980800 22 22 22 22
1217894400 22 22 22 22
1217808000 22 22 22 22
1217721600 22 22 22 22
1217635200 22 22 22 22
1217548800 22 22 22 22
1217462400 22 22 22 22
1217376000 22 22 22 22
1217289600 22 22 22 22
1217203200 22 22 22 22
1217116800 22 22 22 22
1217030400 22 22 22 22
1216944000 22 22 22 22
1216857600 22 22 22 22
1216771200 22 22 22 22
1216684800 22 22 22 22
1216598400 22 22 22 22
1216512000 22 22 22 22
1216425600 22 22 22 22
1216339200 22 22 22 22
1216252800 22 22 22 22
1216166400 22 22 22 22
1216080000 22 22 22 22
1215993600 22 22 22 22
1215907200 22 22 22 22
1215820800 22 22 22 22
1215734400 22 22 22 22
1215648000 22 22 22 22
1215561600 22 22 22 22
1215475200 22 22 22 22
1215388800 22 22 22 22
1215302400 22 22 22 22
1215216000 22 22 22 22
1215129600 22 22 22 22
1215043200 22 22 22 22
1214956800 22 22 22 22
1214870400 22 22 22 22
1214784000 22 22 22 22
1214697600 22 22 22 22
1214611200 22 22 22 22
1214524800 22 22 22 22
1214438400 22 22 22 22
1214352000 22 22 22 22
1214265600 22 22 22 22
1214179200 22 22 22 22
1214092800 22 22 22 22
1214006400 22 22 22 22
1213920000 22 22 22 22
1213833600 22 22 22 22
1213747200 22 22 22 22
1213660800 22 22 22 22
1213574400 22 22 22 22
1213488000 22 22 22 22
1213401600 22 22 22 22
1213315200 22 22 22 22
1213228800 22 22 22 22
1213142400 22 22 22 22
1213056000 22 22 22 22
1212969600 22 22 22 22
1212883200 22 22 22 22
1212796800 22 22 22 22
1212710400 22 22 22 22
1212624000 22 22 22 22
1212537600 22 22 22 22
1212451200 22 22 22 22
1212364800 22 22 22 22
1212278400 22 22 22 22
1212192000 22 22 22 22
1212105600 22 22 22 22
1212019200 22 22 22 22
1211932800 22 22 22 22
1211846400 22 22 22 22
1211760000 22 22 22 22
1211673600 22 22 22 22
1211587200 22 22 22 22
1211500800 22 22 22 22
1211414400 22 22 22 22
1211328000 22 22 22 22
1211241600 22 22 22 22
1211155200 22 22 22 22
1211068800 22 22 22 22
1210982400 22 22 22 22
1210896000 22 22 22 22
1210809600 22 22 22 22
1210723200 22 22 22 22
1210636800 22 22 22 22
1210550400 22 22 22 22
1210464000 22 22 22 22
1210377600 22 22 22 22
1210291200 22 22 22 22
1210204800 22 22 22 22
1210118400 22 22 22 22
1210032000 22 22 22 22
1209945600 22 22 22 22
1209859200 22 22 22 22
1209772800 22 22 22 22
1209686400 22 22 22 22
1209600000 22 22 22 22
1209513600 22 22 22 22
1209427200 22 22 22 22
1209340800 22 22 22 22
1209254400 22 22 22 22
1209168000 22 22 22 22
1209081600 22 22 22 22
1208995200 22 22 22 22
1208908800 22 22 22 22
1208822400 22 22 22 22
1208736000 22 22 22 22
1208649600 22 22 22 22
1208563200 22 22 22 22
1208476800 22 22 22 22
1208390400 22 22 22 22
1208304000 22 22 22 22
1208217600 22 22 22 22
1208131200 22 22 22 22
1208044800 22 22 22 22
1207958400 22 22 22 22
1207872000 22 22 22 22
1207785600 22 22 22 22
1207699200 22 22 22 22
1207612800 22 22 22 22
1207526400 22 22 22 22
1207440000 22 22 22 22
1207353600 22 22 22 22
1207267200 22 22 22 22
1207180800 22 22 22 22
1207094400 22 22 22 22
1207008000 22 22 22 22
1206921600 22 22 22 22
1206835200 22 22 22 22
1206748800 22 22 22 22
1206662400 22 22 22 22
1206576000 22 22 22 22
1206489600 22 22 22 22
1206403200 22 22 22 22
1206316800 22 22 22 22
1206230400 22 22 22 22
1206144000 22 22 22 22
1206057600 22 22 22 22
1205971200 22 22 22 22
1205884800 22 22 22 22
1205798400 22 22 22 22
1205712000 22 22 22 22
1205625600 22 22 22 22
1205539200 22 22 41 41
1205452800 29 29 66 66
1205366400 19 19 43 43
1205280000 27 27 63 63
1205193600 30 30 76 76
1205107200 14 14 32 32
1205020800 13 13 31 31
1204934400 20 20 46 46
1204848000 26 26 44 44
1204761600 22 22 43 43
1204675200 29 29 69 69
1204588800 24 24 41 41
1204502400 14 14 38 38
1204416000 22 22 40 40
1204329600 24 24 53 53
1204243200 29 29 57 57
1204156800 22 22 40 40
1204070400 27 27 47 47
1203984000 24 24 66 66
1203897600 19 19 47 47
1203811200 18 18 31 31
1203724800 28 28 59 59
1203638400 33 33 65 65
1203552000 36 36 69 69
1203465600 20 20 42 42
1203379200 22 22 46 46
1203292800 18 18 31 31
1203206400 18 18 57 57
1203120000 25 25 55 55
1203033600 25 25 50 50
1202947200 23 23 43 43
1202860800 25 25 44 44
1202774400 17 17 32 32
1202688000 14 14 29 29
1202601600 14 14 31 31
1202515200 23 23 34 34
1202428800 23 23 49 49
1202342400 26 26 46 46
1202256000 24 24 61 61
1202169600 21 21 47 47
1202083200 21 21 47 47
1201996800 16 16 26 26
1201910400 21 21 34 34
1201824000 25 25 69 69
1201737600 22 22 44 44
1201651200 21 21 42 42
1201564800 24 24 47 47
1201478400 17 17 32 32
1201392000 22 22 60 60
1201305600 26 26 74 74
1201219200 22 22 74 74
1201132800 24 24 46 46
1201046400 20 20 29 29
1200960000 21 21 41 41
1200873600 17 17 33 33
1200787200 17 17 34 34
1200700800 25 25 53 53
1200614400 23 23 48 48
1200528000 25 25 68 68
1200441600 24 24 48 48
1200355200 22 22 58 58
1200268800 21 21 58 58
1200182400 18 18 33 33
1200096000 18 18 34 34
1200009600 16 16 34 34
1199923200 18 18 40 40
1199836800 16 16 35 35
1199750400 16 16 44 44
1199664000 12 12 38 38
1199577600 17 17 30 30
1199491200 19 19 97 97
1199404800 17 17 44 44
1199318400 17 17 66 66
1199232000 8 8 66 66
1199145600 9 9 19 19
1199059200 8 8 19 19
1198972800 9 9 23 23
1198886400 13 13 32 32
1198800000 11 11 28 28
1198713600 16 16 33 33
1198627200 12 12 27 27
1198540800 16 16 43 43
1198454400 13 13 33 33
1198368000 9 9 30 30
1198281600 19 19 52 52
1198195200 15 15 62 62
1198108800 20 20 99 99
1198022400 16 16 46 46
1197936000 12 12 31 31
1197849600 30 30 94 94
1197763200 18 18 40 40
1197676800 16 16 35 35
1197590400 21 21 71 71
1197504000 15 15 29 29
1197417600 19 19 40 40
1197331200 13 13 27 27
1197244800 20 20 49 49
1197158400 15 15 49 49
1197072000 21 21 48 48
1196985600 19 19 43 43
1196899200 21 21 73 73
1196812800 24 24 76 76
1196726400 22 22 63 63
1196640000 19 19 67 67
1196553600 12 12 39 39
1196467200 19 19 63 63
1196380800 21 21 47 47
1196294400 15 15 37 37
1196208000 21 21 45 45
1196121600 18 18 42 42
1196035200 13 13 28 28
1195948800 16 16 62 62
1195862400 12 12 42 42
1195776000 17 17 39 39
1195689600 16 16 41 41
1195603200 20 20 63 63
1195516800 17 17 38 38
1195430400 15 15 36 36
1195344000 11 11 26 26
1195257600 19 19 34 34
1195171200 15 15 33 33
1195084800 22 22 65 65
1194998400 22 22 48 48
1194912000 20 20 44 44
1194825600 12 12 39 39
1194739200 17 17 45 45
1194652800 22 22 43 43
1194566400 21 21 42 42
1194480000 21 21 43 43
1194393600 20 20 39 39
1194307200 20 20 54 54
1194220800 16 16 53 53
1194134400 16 16 55 55
1194048000 19 19 40 40
1193961600 20 20 41 41
1193875200 17 17 42 42
1193788800 24 24 45 45
1193702400 19 19 40 40
1193616000 15 15 35 35
1193529600 20 20 41 41
1193443200 21 21 57 57
1193356800 21 21 65 65
1193270400 22 22 45 45
