1055941
1055891
1055628
1055430
1054794
1054789
1054720
1054711
1054693
1054379
1054289
1054107
1053947
1053748
1053020
1052993
1052937
1052130
1052045
1051664
1051126
1050669
1050623
1050616
1050610
1050583
1050578
1050503
1050255
1050243
1050197
1050195
1050194
1050164
1050157
1050155
1050151
1050149
1050109
1049856
1049838
1049834
1049826
1049825
1049798
1049777
1049642
1049629
1049563
1049550
1049249
1048834
1048734
1048722
1048488
1048479
1047753
1047749
1047698
1046382
1046379
1046371
1046169
1044453
1044132
1044088
1044087
1044078
1044074
1044057
1044012
1043964
1043957
1043954
1043943
1043598
1043590
1043525
1043302
1043120
1043102
1043096
1043039
1043035
1042921
1042866
1042826
1042281
1042022
1042008
1041962
1041893
1041890
1041884
1041719
1041445
1041441
1041436
1041426
1041424
1041423
1041416
1040816
1040740
1040668
1040642
1040303
1040287
1040286
1040278
1040272
1040263
1040256
1040115
1039939
1039936
1039837
1039705
1038539
1038356
1038262
1038222
1038213
1037668
1037641
1037240
1037218
1037197
1037165
1037154
1037112
1037105
1037040
1036847
1036676
1036659
1036656
1036618
1036605
1036588
1036566
1035382
1035304
1034825
1034570
1034465
1033902
1032997
1031809
1030726
1030052
1029596
1029271
1028923
1027586
1027216
1027215
1026949
1026915
1026645
1026226
1026188
1026164
1026037
1026024
1026015
1025745
1025686
1025379
1025371
1025118
1025115
1025008
1024998
1024981
1024633
1024512
1024087
1024024
1023941
1023939
1023934
1023931
1023929
1023911
1023895
1023889
1023544
1023528
1023361
1023106
1023104
1023101
1023099
1023098
1023065
1023046
1023029
1022961
1022890
1022881
1022864
1022838
1022737
1022558
1022550
1022547
1022534
1022528
1022373
1022172
1022160
1022118
1022079
1022074
1021701
1021669
1021638
1021463
1021461
1021254
1021141
1020720
1020715
1020288
1020270
1020269
1020216
1020213
1020050
1020038
1020010
1020009
1019955
1019942
1019858
1019803
1019484
1017522
1017519
1017434
1017432
1017431
1017411
1017404
1017399
1016363
1016291
1016214
1016108
1015891
1015888
1015866
1015839
1015821
1015814
1015657
1015609
1015605
1014859
1014171
