1055624
1055240
1054788
1054777
1054516
1054290
1054108
1054005
1053736
1053718
1053388
1053022
1053016
1052940
1052939
1052144
1052132
1051657
1051647
1051628
1050649
1050324
1050265
1050264
1050196
1049928
1049852
1049847
1049841
1049797
1049781
1049648
1049630
1049564
1049301
1049248
1048872
1048862
1048756
1048497
1048471
1047756
1047750
1047440
1047167
1047166
1046370
1046367
1046366
1045848
1045646
1045629
1044930
1044888
1044812
1044721
1044140
1044139
1044135
1044133
1044086
1043944
1043893
1043879
1043806
1043714
1043592
1043532
1043528
1043121
1042819
1042805
1042799
1042795
1042604
1041948
1041926
1041877
1041853
1041109
1040742
1040741
1040309
1040298
1040293
1040283
1039838
1039722
1039712
1038561
1038540
1038368
1038224
1037787
1037691
1037686
1037672
1037246
1037241
1037195
1037167
1037160
1037115
1037027
1036822
1036619
1036607
1036580
1036576
1036573
1036567
1036505
1035219
1034466
1033900
1033772
1032918
1032749
1031356
1031177
1030057
1030040
1030008
1029979
1029826
1029795
1029783
1028956
1028951
1028923
1026952
1026950
1026920
1026358
1026165
1026152
1026151
1026040
1025631
1025591
1025352
1025190
1025116
1024549
1024536
1024021
1023956
1023952
1023549
1023266
1023255
1023155
1023147
1023129
1022891
1022865
1022839
1022767
1022526
1022481
1022390
1022366
1022221
1021817
1021465
1021256
1020777
1020483
1020219
1020217
1020054
1020049
1020039
1019973
1019956
1019936
1019860
1017783
1017742
1017524
1017520
1016085
1016082
1016081
1016079
1015924
1015873
1015815
1014816
1014461
1014361
1014275
1014247
1014221
1013863
1013826
