1205535023 10 10
1205535023 10 10 10 10
1205534425 13 13 13 13
1205534400 13 13 13 13
1205534100 13 13 14 14
1205533800 14 14 14 14
1205533500 13 13 14 14
1205533200 11 11 11 11
1205532900 8 8 11 11
1205532600 7 7 7 7
1205532300 7 7 9 9
1205532000 9 9 9 9
1205531700 9 9 14 14
1205531400 14 14 14 14
1205531100 13 13 14 14
1205530800 4 4 4 4
1205530500 4 4 9 9
1205530200 9 9 9 9
1205529900 9 9 14 14
1205529600 14 14 14 14
1205529300 14 14 14 14
1205529000 14 14 14 14
1205528700 13 13 14 14
1205528400 12 12 12 12
1205528100 12 12 15 15
1205527800 15 15 15 15
1205527500 15 15 15 15
1205527200 15 15 15 15
1205526900 15 15 19 19
1205526600 19 19 19 19
1205526300 19 19 19 19
1205526000 19 19 19 19
1205525700 18 18 19 19
1205525400 14 14 14 14
1205525100 13 13 14 14
1205524800 8 8 8 8
1205524500 8 8 14 14
1205524200 14 14 14 14
1205523900 13 13 14 14
1205523600 8 8 8 8
1205523300 8 8 11 11
1205523000 11 11 11 11
1205522700 10 10 11 11
1205522400 9 9 9 9
1205522100 9 9 13 13
1205521800 13 13 13 13
1205521500 13 13 13 13
1205521200 13 13 13 13
1205520900 13 13 13 13
1205520600 13 13 13 13
1205520300 12 12 13 13
1205520000 12 12 12 12
1205519700 11 11 12 12
1205519400 11 11 11 11
1205519100 11 11 11 11
1205518800 11 11 11 11
1205518500 11 11 12 12
1205518200 12 12 12 12
1205517900 11 11 12 12
1205517600 11 11 11 11
1205517300 10 10 11 11
1205517000 8 8 8 8
1205516700 8 8 8 8
1205516400 8 8 8 8
1205516100 8 8 13 13
1205515800 13 13 13 13
1205515500 12 12 13 13
1205515200 8 8 8 8
1205514900 9 9 18 18
1205514600 18 18 18 18
1205514300 17 17 18 18
1205514000 13 13 13 13
1205513700 13 13 19 19
1205513400 19 19 19 19
1205513100 18 18 19 19
1205512800 13 13 13 13
1205512500 13 13 15 15
1205512200 15 15 15 15
1205511900 15 15 16 16
1205511600 16 16 16 16
1205511300 16 16 16 16
1205511000 16 16 16 16
1205510700 15 15 16 16
1205510400 13 13 13 13
1205510100 13 13 13 13
1205509800 13 13 13 13
1205509500 12 12 13 13
1205509200 11 11 11 11
1205508900 11 11 12 12
1205508600 12 12 12 12
1205508300 12 12 13 13
1205508000 13 13 13 13
1205507700 12 12 13 13
1205507400 10 10 10 10
1205507100 10 10 10 10
1205506800 10 10 10 10
1205506500 10 10 14 14
1205506200 14 14 14 14
1205505900 13 13 14 14
1205505600 12 12 12 12
1205505300 12 12 16 16
1205505000 16 16 16 16
1205504700 16 16 17 17
1205504400 17 17 17 17
1205504100 16 16 17 17
1205503800 12 12 12 12
1205503500 12 12 17 17
1205503200 17 17 17 17
1205502900 16 16 17 17
1205502600 10 10 10 10
1205502300 10 10 13 13
1205502000 13 13 13 13
1205501700 12 12 13 13
1205501400 11 11 11 11
1205501100 11 11 12 12
1205500800 12 12 12 12
1205500500 11 11 12 12
1205500200 11 11 11 11
1205499900 11 11 15 15
1205499600 15 15 15 15
1205499300 14 14 15 15
1205499000 13 13 13 13
1205498700 13 13 14 14
1205498400 14 14 14 14
1205498100 13 13 14 14
1205497800 8 8 8 8
1205497500 8 8 9 9
1205497200 9 9 9 9
1205496900 9 9 13 13
1205496600 13 13 13 13
1205496300 12 12 13 13
1205496000 12 12 12 12
1205495700 12 12 14 14
1205495400 14 14 14 14
1205495100 13 13 14 14
1205494800 12 12 12 12
1205494500 11 11 12 12
1205494200 10 10 10 10
1205493900 10 10 11 11
1205493600 11 11 11 11
1205493300 11 11 16 16
1205493000 16 16 16 16
1205492700 15 15 16 16
1205492400 14 14 14 14
1205492100 14 14 16 16
1205491800 16 16 16 16
1205491500 15 15 16 16
1205491200 13 13 13 13
1205490900 12 12 13 13
1205490600 11 11 11 11
1205490300 11 11 13 13
1205490000 13 13 13 13
1205489700 13 13 13 13
1205489400 13 13 13 13
1205489100 13 13 18 18
1205488800 18 18 18 18
1205488500 18 18 18 18
1205488200 18 18 18 18
1205487900 17 17 18 18
1205487600 11 11 11 11
1205487300 11 11 15 15
1205487000 15 15 15 15
1205486700 15 15 18 18
1205486400 18 18 18 18
1205486100 17 17 18 18
1205485800 12 12 12 12
1205485500 11 11 12 12
1205485200 8 8 8 8
1205484900 8 8 17 17
1205484600 17 17 17 17
1205484300 17 17 20 20
1205484000 20 20 20 20
1205483700 19 19 20 20
1205483400 14 14 14 14
1205483100 13 13 14 14
1205482800 8 8 8 8
1205482500 7 7 8 8
1205482200 7 7 7 7
1205481900 7 7 7 7
1205481600 7 7 7 7
1205481300 7 7 16 16
1205481000 16 16 16 16
1205480700 15 15 16 16
1205480400 12 12 12 12
1205480100 11 11 12 12
1205479800 9 9 9 9
1205479500 9 9 11 11
1205479200 11 11 11 11
1205478900 10 10 11 11
1205478600 8 8 8 8
1205478300 8 8 12 12
1205478000 12 12 12 12
1205477700 12 12 16 16
1205477400 16 16 16 16
1205477100 15 15 16 16
1205476800 6 6 6 6
1205476500 6 6 7 7
1205476200 7 7 7 7
1205475900 7 7 9 9
1205475600 9 9 9 9
1205475300 9 9 15 15
1205475000 15 15 15 15
1205474700 14 14 15 15
1205474400 6 6 6 6
1205474100 6 6 14 14
1205473800 14 14 14 14
1205473500 13 13 14 14
1205473200 5 5 5 5
1205472900 5 5 7 7
1205472600 7 7 7 7
1205472300 6 6 7 7
1205472000 4 4 4 4
1205471700 4 4 6 6
1205471400 6 6 6 6
1205471100 6 6 6 6
1205470800 6 6 6 6
1205470500 6 6 6 6
1205470200 6 6 6 6
1205469900 6 6 6 6
1205469600 6 6 6 6
1205469300 5 5 6 6
1205469000 5 5 5 5
1205468700 5 5 6 6
1205468400 6 6 6 6
1205468100 6 6 6 6
1205467800 6 6 6 6
1205467500 5 5 6 6
1205467200 5 5 5 5
1205466900 5 5 9 9
1205466600 9 9 9 9
1205466300 8 8 9 9
1205466000 6 6 6 6
1205465700 6 6 9 9
1205465400 9 9 9 9
1205465100 8 8 9 9
1205464800 7 7 7 7
1205464500 7 7 8 8
1205464200 8 8 8 8
1205463900 8 8 9 9
1205463600 9 9 9 9
1205463300 8 8 9 9
1205463000 8 8 8 8
1205462700 7 7 8 8
1205462400 7 7 7 7
1205462100 7 7 14 14
1205461800 14 14 14 14
1205461500 13 13 14 14
1205461200 9 9 9 9
1205460900 8 8 9 9
1205460600 5 5 5 5
1205460300 5 5 7 7
1205460000 7 7 7 7
1205459700 6 6 7 7
1205459400 6 6 6 6
1205459100 6 6 8 8
1205458800 8 8 8 8
1205458500 8 8 15 15
1205458200 15 15 15 15
1205457900 14 14 15 15
1205457600 8 8 8 8
1205457300 8 8 10 10
1205457000 10 10 10 10
1205456700 9 9 10 10
1205456400 6 6 6 6
1205456100 6 6 11 11
1205455800 11 11 11 11
1205455500 10 10 11 11
1205455200 9 9 9 9
1205454900 9 9 14 14
1205454600 14 14 14 14
1205454300 11 11 14 14
1205454000 3 3 3 3
1205453700 5 5 8 8
1205453400 8 8 8 8
1205453100 8 8 10 10
1205452800 10 10 10 10
1205452500 10 10 15 15
1205452200 15 15 15 15
1205451900 14 14 15 15
1205451600 10 10 10 10
1205451300 10 10 14 14
1205451000 14 14 14 14
1205450700 13 13 14 14
1205450400 7 7 7 7
1205450100 7 7 12 12
1205449800 12 12 12 12
1205449500 11 11 12 12
1205449200 10 10 10 10
1205448900 10 10 11 11
1205448600 11 11 11 11
1205448300 11 11 13 13
1205448000 13 13 13 13
1205447700 13 13 13 13
1205447400 13 13 13 13
1205447100 13 13 14 14
1205446800 14 14 14 14
1205446500 13 13 14 14
1205446200 12 12 12 12
1205445900 12 12 14 14
1205445600 14 14 14 14
1205445300 14 14 14 14
1205445000 14 14 14 14
1205444700 14 14 16 16
1205444400 16 16 16 16
1205444100 16 16 16 16
1205443800 16 16 16 16
1205443500 15 15 16 16
1205443200 10 10 10 10
1205442900 10 10 20 20
1205442600 20 20 20 20
1205442300 19 19 20 20
1205442000 17 17 17 17
1205441700 17 17 17 17
1205441400 17 17 17 17
1205441100 16 16 17 17
1205440800 12 12 12 12
1205440500 11 11 12 12
1205440200 7 7 7 7
1205439900 7 7 13 13
1205439600 13 13 13 13
1205439300 13 13 14 14
1205439000 14 14 14 14
1205438700 14 14 15 15
1205438400 15 15 15 15
1205438100 15 15 19 19
1205437800 19 19 19 19
1205437500 18 18 19 19
1205437200 9 9 9 9
1205436900 9 9 11 11
1205436600 11 11 11 11
1205436300 11 11 17 17
1205436000 17 17 17 17
1205435700 16 16 17 17
1205435400 7 7 7 7
1205435100 8 8 15 15
1205434800 15 15 15 15
1205434500 15 15 16 16
1205434200 16 16 16 16
1205433900 16 16 17 17
1205433600 17 17 17 17
1205433300 16 16 17 17
1205433000 16 16 16 16
1205432700 16 16 16 16
1205432400 16 16 16 16
1205432100 16 16 20 20
1205431800 20 20 20 20
1205431500 19 19 20 20
1205431200 11 11 11 11
1205430900 11 11 13 13
1205430600 13 13 13 13
1205430300 13 13 17 17
1205430000 17 17 17 17
1205429700 16 16 17 17
1205429400 15 15 15 15
1205429100 14 14 15 15
1205428800 13 13 13 13
1205428500 13 13 14 14
1205428200 14 14 14 14
1205427900 14 14 23 23
1205427600 23 23 23 23
1205427300 22 22 23 23
1205427000 15 15 15 15
1205426700 15 15 15 15
1205426400 15 15 15 15
1205426100 15 15 18 18
1205425800 18 18 18 18
1205425500 18 18 20 20
1205425200 20 20 20 20
1205424900 20 20 20 20
1205424600 20 20 20 20
1205424300 20 20 21 21
1205424000 21 21 21 21
1205423700 20 20 21 21
1205423400 20 20 20 20
1205423100 19 19 20 20
1205422800 12 12 12 12
1205422500 13 13 22 22
1205422200 22 22 22 22
1205421900 21 21 22 22
1205421600 15 15 15 15
1205421300 14 14 15 15
1205421000 14 14 14 14
1205420700 16 16 26 26
1205420400 26 26 26 26
1205420100 25 25 26 26
1205419800 16 16 16 16
1205419500 15 15 16 16
1205419200 15 15 15 15
1205418900 14 14 15 15
1205418600 14 14 14 14
1205418300 14 14 18 18
1205418000 18 18 18 18
1205417700 18 18 19 19
1205417400 19 19 19 19
1205417100 19 19 23 23
1205416800 23 23 23 23
1205416500 22 22 23 23
1205416200 16 16 16 16
1205415900 16 16 17 17
1205415600 17 17 17 17
1205415300 17 17 18 18
1205415000 18 18 18 18
1205414700 17 17 18 18
1205414400 14 14 14 14
1205414100 13 13 14 14
1205413800 9 9 9 9
1205413500 9 9 11 11
1205413200 11 11 11 11
1205412900 10 10 11 11
1205412600 10 10 10 10
1205412300 10 10 13 13
1205412000 13 13 13 13
1205411700 13 13 19 19
1205411400 19 19 19 19
1205411100 18 18 19 19
1205410800 18 18 18 18
1205410500 18 18 21 21
1205410200 21 21 21 21
1205409900 20 20 21 21
1205409600 19 19 19 19
1205409300 18 18 19 19
1205409000 8 8 8 8
1205408700 8 8 13 13
1205408400 13 13 13 13
1205408100 13 13 16 16
1205407800 16 16 16 16
1205407500 15 15 16 16
1205407200 15 15 15 15
1205406900 14 14 15 15
1205406600 10 10 10 10
1205406300 10 10 14 14
1205406000 14 14 14 14
1205405700 13 13 14 14
1205405400 12 12 12 12
1205405100 11 11 12 12
1205404800 8 8 8 8
1205404500 8 8 18 18
1205404200 18 18 18 18
1205403900 17 17 18 18
1205403600 9 9 9 9
1205403300 9 9 12 12
1205403000 12 12 12 12
1205402700 12 12 12 12
1205402400 12 12 12 12
1205402100 11 11 12 12
1205401800 9 9 9 9
1205401500 8 8 9 9
1205401200 8 8 8 8
1205400900 8 8 13 13
1205400600 13 13 13 13
1205400300 12 12 13 13
1205400000 8 8 8 8
1205399700 8 8 12 12
1205399400 12 12 12 12
1205399100 12 12 12 12
1205398800 12 12 12 12
1205398500 12 12 12 12
1205398200 12 12 12 12
1205397900 12 12 15 15
1205397600 15 15 15 15
1205397300 15 15 16 16
1205397000 16 16 16 16
1205396700 15 15 16 16
1205396400 11 11 11 11
1205396100 11 11 13 13
1205395800 13 13 13 13
1205395500 13 13 16 16
1205395200 16 16 16 16
1205394900 15 15 16 16
1205394600 13 13 13 13
1205394300 12 12 13 13
1205394000 7 7 7 7
1205393700 7 7 7 7
1205393400 7 7 7 7
1205393100 7 7 14 14
1205392800 14 14 14 14
1205392500 13 13 14 14
1205392200 8 8 8 8
1205391900 8 8 10 10
1205391600 10 10 10 10
1205391300 9 9 10 10
1205391000 8 8 8 8
1205390700 8 8 12 12
1205390400 12 12 12 12
1205390100 12 12 12 12
1205389800 12 12 12 12
1205389500 12 12 12 12
1205389200 12 12 12 12
1205388900 11 11 12 12
1205388600 9 9 9 9
1205388300 8 8 9 9
1205388000 7 7 7 7
1205387700 7 7 10 10
1205387400 10 10 10 10
1205387100 9 9 10 10
1205386800 8 8 8 8
1205386500 7 7 8 8
1205386200 5 5 5 5
1205385900 5 5 6 6
1205385600 6 6 6 6
1205385300 6 6 11 11
1205385000 11 11 11 11
1205384700 10 10 11 11
1205384400 6 6 6 6
1205384100 6 6 9 9
1205383800 9 9 9 9
1205383500 9 9 9 9
1205383200 9 9 9 9
1205382900 8 8 9 9
1205382600 5 5 5 5
1205382300 4 4 5 5
1205382000 4 4 4 4
1205381700 4 4 8 8
1205381400 8 8 8 8
1205381100 7 7 8 8
1205380800 7 7 7 7
1205380500 7 7 9 9
1205380200 9 9 9 9
1205379900 8 8 9 9
1205379600 5 5 5 5
1205379300 5 5 7 7
1205379000 7 7 7 7
1205378700 7 7 7 7
1205378400 7 7 7 7
1205378100 7 7 11 11
1205377800 11 11 11 11
1205377500 9 9 11 11
1205377200 5 5 5 5
1205376900 5 5 9 9
1205376600 9 9 9 9
1205376300 9 9 10 10
1205376000 10 10 10 10
1205375700 10 10 14 14
1205375400 14 14 14 14
1205375100 13 13 14 14
1205374800 11 11 11 11
1205374500 11 11 16 16
1205374200 16 16 16 16
1205373900 15 15 16 16
1205373600 13 13 13 13
1205373300 12 12 13 13
1205373000 7 7 7 7
1205372700 7 7 8 8
1205372400 8 8 8 8
1205372100 7 7 8 8
1205371800 2 2 2 2
1205371500 2 2 8 8
1205371200 8 8 8 8
1205370900 7 7 8 8
1205370600 6 6 6 6
1205370300 6 6 9 9
1205370000 9 9 9 9
1205369700 8 8 9 9
1205369400 6 6 6 6
1205369100 6 6 14 14
1205368800 14 14 14 14
1205368500 12 12 14 14
1205368200 7 7 7 7
1205367900 6 6 7 7
1205367600 6 6 6 6
1205367300 10 10 13 13
1205367000 13 13 13 13
1205366700 11 11 13 13
1205366400 3 3 3 3
1205366100 3 3 6 6
1205365800 6 6 6 6
1205365500 6 6 12 12
1205365200 12 12 12 12
1205364900 11 11 12 12
1205364600 6 6 6 6
1205364300 6 6 6 6
1205364000 6 6 6 6
1205363700 5 5 6 6
1205363400 5 5 5 5
1205363100 5 5 10 10
1205362800 10 10 10 10
1205362500 10 10 10 10
1205362200 10 10 10 10
1205361900 9 9 10 10
1205361600 6 6 6 6
1205361300 6 6 15 15
1205361000 15 15 15 15
1205360700 14 14 15 15
1205360400 8 8 8 8
1205360100 8 8 11 11
1205359800 11 11 11 11
1205359500 11 11 11 11
1205359200 11 11 11 11
1205358900 11 11 11 11
1205358600 11 11 11 11
1205358300 11 11 15 15
1205358000 15 15 15 15
1205357700 14 14 15 15
1205357400 12 12 12 12
1205357100 12 12 13 13
1205356800 13 13 13 13
1205356500 13 13 13 13
1205356200 13 13 13 13
1205355900 12 12 13 13
1205355600 11 11 11 11
1205355300 10 10 11 11
1205355000 7 7 7 7
1205354700 11 11 17 17
1205353800 14 14 17 17
1205352000 11 11 14 14
1205350200 12 12 18 18
1205348400 14 14 18 18
1205346600 12 12 17 17
1205344800 10 10 17 17
1205343000 13 13 17 17
1205341200 12 12 20 20
1205339400 13 13 17 17
1205337600 15 15 19 19
1205335800 13 13 18 18
1205334000 13 13 20 20
1205332200 19 19 27 27
1205330400 17 17 27 27
1205328600 15 15 18 18
1205326800 9 9 19 19
1205325000 14 14 19 19
1205323200 12 12 16 16
1205321400 13 13 18 18
1205319600 12 12 17 17
1205317800 10 10 19 19
1205316000 14 14 20 20
1205314200 14 14 20 20
1205312400 12 12 15 15
1205310600 7 7 11 11
1205308800 9 9 13 13
1205307000 8 8 14 14
1205305200 6 6 7 7
1205303400 6 6 8 8
1205301600 4 4 8 8
1205299800 4 4 5 5
1205298000 4 4 7 7
1205296200 5 5 12 12
1205294400 6 6 12 12
1205292600 7 7 11 11
1205290800 7 7 11 11
1205289000 6 6 10 10
1205287200 6 6 9 9
1205285400 7 7 10 10
1205283600 5 5 7 7
1205281800 5 5 8 8
1205280000 8 8 12 12
1205278200 9 9 14 14
1205276400 11 11 14 14
1205274600 9 9 13 13
1205272800 9 9 12 12
1205271000 11 11 15 15
1205269200 11 11 17 17
1205267400 15 15 17 17
1205265600 12 12 14 14
1205263800 12 12 15 15
1205262000 14 14 19 19
1205260200 14 14 19 19
1205258400 11 11 14 14
1205256600 12 12 18 18
1205254800 16 16 19 19
1205253000 14 14 19 19
1205251200 12 12 18 18
1205249400 16 16 20 20
1205247600 15 15 23 23
1205245800 18 18 23 23
1205244000 13 13 18 18
1205242200 14 14 24 24
1205240400 17 17 20 20
1205238600 11 11 17 17
1205236800 16 16 21 21
1205235000 16 16 21 21
1205233200 13 13 16 16
1205231400 11 11 18 18
1205229600 16 16 19 19
1205227800 10 10 15 15
1205226000 11 11 13 13
1205224200 11 11 14 14
1205222400 9 9 14 14
1205220600 9 9 15 15
1205218800 10 10 15 15
1205217000 7 7 9 9
1205215200 6 6 8 8
1205213400 8 8 9 9
1205211600 6 6 10 10
1205209800 6 6 10 10
1205208000 6 6 9 9
1205206200 6 6 9 9
1205204400 9 9 14 14
1205202600 8 8 11 11
1205200800 8 8 12 12
1205199000 6 6 11 11
1205197200 8 8 13 13
1205195400 9 9 11 11
1205193600 8 8 12 12
1205191800 11 11 17 17
1205190000 14 14 19 19
1205188200 13 13 19 19
1205186400 12 12 18 18
1205184600 13 13 18 18
1205182800 11 11 16 16
1205181000 14 14 18 18
1205179200 13 13 16 16
1205177400 11 11 15 15
1205175600 13 13 18 18
1205173800 12 12 18 18
1205172000 14 14 20 20
1205170200 9 9 15 15
1205168400 10 10 14 14
1205166600 14 14 19 19
1205164800 13 13 19 19
1205163000 12 12 18 18
1205161200 14 14 18 18
1205159400 14 14 19 19
1205157600 16 16 20 20
1205155800 20 20 24 24
1205154000 13 13 15 15
1205152200 14 14 22 22
1205150400 14 14 18 18
1205148600 16 16 19 19
1205146800 14 14 18 18
1205145000 15 15 18 18
1205143200 13 13 15 15
1205141400 11 11 22 22
1205139600 13 13 22 22
1205137800 8 8 14 14
1205136000 11 11 14 14
1205134200 10 10 12 12
1205132400 9 9 14 14
1205130600 8 8 10 10
1205128800 8 8 11 11
1205127000 9 9 10 10
1205125200 9 9 14 14
1205123400 10 10 12 12
1205121600 7 7 12 12
1205119800 8 8 12 12
1205118000 5 5 10 10
1205116200 8 8 12 12
1205114400 6 6 10 10
1205112600 7 7 10 10
1205110800 6 6 12 12
1205109000 8 8 12 12
1205107200 4 4 10 10
1205105400 6 6 11 11
1205103600 10 10 14 14
1205101800 10 10 14 14
1205100000 9 9 14 14
1205098200 8 8 16 16
1205096400 13 13 17 17
1205094600 14 14 17 17
1205092800 13 13 14 14
1205091000 14 14 14 14
1205089200 14 14 14 14
1205087400 14 14 14 14
1205085600 14 14 14 14
1205083800 14 14 14 14
1205082000 14 14 14 14
1205080200 14 14 14 14
1205078400 14 14 14 14
1205076600 14 14 14 14
1205074800 14 14 14 14
1205073000 14 14 14 14
1205071200 14 14 14 14
1205069400 14 14 14 14
1205067600 14 14 14 14
1205065800 14 14 14 14
1205064000 14 14 14 14
1205062200 14 14 14 14
1205060400 14 14 14 14
1205058600 14 14 14 14
1205056800 14 14 14 14
1205055000 14 14 14 14
1205053200 14 14 14 14
1205051400 14 14 14 14
1205049600 14 14 14 14
1205047800 14 14 14 14
1205046000 14 14 14 14
1205044200 14 14 14 14
1205042400 14 14 14 14
1205040600 14 14 14 14
1205038800 14 14 14 14
1205037000 14 14 14 14
1205035200 14 14 14 14
1205033400 14 14 14 14
1205031600 14 14 14 14
1205029800 14 14 14 14
1205028000 14 14 14 14
1205026200 14 14 14 14
1205024400 14 14 14 14
1205022600 14 14 14 14
1205020800 14 14 14 14
1205019000 14 14 14 14
1205017200 14 14 14 14
1205015400 14 14 14 14
1205013600 14 14 14 14
1205011800 14 14 14 14
1205010000 14 14 14 14
1205008200 14 14 14 14
1205006400 14 14 14 14
1205004600 14 14 14 14
1205002800 14 14 14 14
1205001000 14 14 14 14
1204999200 14 14 14 14
1204997400 14 14 14 14
1204995600 14 14 14 14
1204993800 14 14 14 14
1204992000 14 14 14 14
1204990200 14 14 14 14
1204988400 14 14 14 14
1204986600 14 14 14 14
1204984800 14 14 14 14
1204983000 14 14 16 16
1204981200 18 18 20 20
1204979400 20 20 20 20
1204977600 20 20 20 20
1204975800 20 20 20 20
1204974000 15 15 20 20
1204972200 12 12 17 17
1204970400 15 15 23 23
1204968600 14 14 20 20
1204966800 11 11 18 18
1204965000 8 8 13 13
1204963200 10 10 14 14
1204961400 9 9 13 13
1204959600 9 9 12 12
1204957800 7 7 13 13
1204956000 8 8 13 13
1204954200 9 9 15 15
1204952400 5 5 10 10
1204950600 7 7 11 11
1204948800 8 8 13 13
1204947000 9 9 12 12
1204945200 9 9 19 19
1204943400 9 9 12 12
1204941600 12 12 18 18
1204939800 11 11 13 13
1204938000 10 10 13 13
1204936200 10 10 12 12
1204934400 14 14 18 18
1204932600 13 13 15 15
1204930800 16 16 21 21
1204929000 16 16 19 19
1204927200 20 20 23 23
1204925400 17 17 20 20
1204923600 18 18 21 21
1204921800 17 17 21 21
1204920000 13 13 24 24
1204918200 17 17 24 24
1204916400 16 16 19 19
1204914600 15 15 18 18
1204912800 20 20 26 26
1204911000 17 17 21 21
1204909200 23 23 31 31
1204907400 22 22 31 31
1204905600 16 16 27 27
1204903800 13 13 19 19
1204902000 14 14 17 17
1204900200 14 14 16 16
1204898400 13 13 19 19
1204896600 12 12 19 19
1204894800 11 11 16 16
1204893000 13 13 16 16
1204891200 13 13 16 16
1204889400 13 13 17 17
1204887600 9 9 13 13
1204885800 10 10 13 13
1204884000 9 9 12 12
1204882200 14 14 17 17
1204880400 9 9 15 15
1204878600 19 19 26 26
1204876800 14 14 21 21
1204875000 9 9 14 14
1204873200 5 5 12 12
1204871400 9 9 12 12
1204869600 7 7 12 12
1204867800 8 8 12 12
1204866000 6 6 9 9
1204864200 6 6 8 8
1204862400 8 8 11 11
1204860600 9 9 12 12
1204858800 10 10 12 12
1204857000 7 7 8 8
1204855200 8 8 10 10
1204853400 8 8 12 12
1204851600 10 10 15 15
1204849800 10 10 15 15
1204848000 9 9 11 11
1204846200 8 8 10 10
1204844400 9 9 14 14
1204842600 11 11 14 14
1204840800 11 11 17 17
1204839000 12 12 17 17
1204837200 9 9 16 16
1204835400 17 17 20 20
1204833600 8 8 13 13
1204831800 14 14 21 21
1204830000 17 17 23 23
1204828200 19 19 23 23
1204826400 22 22 25 25
1204824600 27 27 32 32
1204822800 21 21 25 25
1204821000 20 20 25 25
1204819200 21 21 25 25
1204817400 18 18 28 28
1204815600 25 25 28 28
1204813800 22 22 28 28
1204812000 21 21 27 27
1204810200 18 18 31 31
1204808400 23 23 25 25
1204806600 20 20 26 26
1204804800 26 26 31 31
1204803000 20 20 22 22
1204801200 19 19 27 27
1204799400 12 12 20 20
1204797600 12 12 14 14
1204795800 12 12 16 16
1204794000 16 16 18 18
1204792200 14 14 19 19
1204790400 10 10 17 17
1204788600 10 10 14 14
1204786800 10 10 13 13
1204785000 8 8 14 14
1204783200 9 9 14 14
1204781400 5 5 9 9
1204779600 7 7 9 9
1204777800 7 7 10 10
1204776000 7 7 12 12
1204774200 9 9 13 13
1204772400 8 8 10 10
1204770600 4 4 9 9
1204768800 7 7 11 11
1204767000 8 8 10 10
1204765200 7 7 9 9
1204763400 9 9 15 15
1204761600 10 10 15 15
1204759800 9 9 16 16
1204758000 12 12 16 16
1204756200 13 13 15 15
1204754400 11 11 15 15
1204752600 10 10 13 13
1204750800 13 13 17 17
1204749000 13 13 17 17
1204747200 13 13 21 21
1204745400 11 11 16 16
1204743600 17 17 22 22
1204741800 12 12 15 15
1204740000 12 12 14 14
1204738200 13 13 18 18
1204736400 12 12 16 16
1204734600 14 14 18 18
1204732800 12 12 15 15
1204731000 15 15 16 16
1204729200 15 15 17 17
1204727400 13 13 18 18
1204725600 11 11 16 16
1204723800 14 14 15 15
1204722000 14 14 21 21
1204720200 18 18 27 27
1204718400 14 14 22 22
1204716600 13 13 15 15
1204714800 12 12 23 23
1204713000 15 15 23 23
1204711200 13 13 16 16
1204709400 13 13 17 17
1204707600 15 15 20 20
1204705800 13 13 16 16
1204704000 11 11 13 13
1204702200 10 10 13 13
1204700400 12 12 15 15
1204698600 11 11 15 15
1204696800 9 9 14 14
1204695000 9 9 12 12
1204693200 7 7 13 13
1204691400 11 11 13 13
1204689600 8 8 12 12
1204687800 8 8 14 14
1204686000 11 11 14 14
1204684200 9 9 12 12
1204682400 11 11 12 12
1204680600 7 7 15 15
1204678800 8 8 15 15
1204677000 9 9 13 13
1204675200 12 12 15 15
1204673400 9 9 14 14
1204671600 12 12 17 17
1204669800 11 11 17 17
1204668000 16 16 20 20
1204666200 14 14 19 19
1204664400 16 16 18 18
1204662600 14 14 18 18
1204660800 13 13 19 19
1204659000 17 17 20 20
1204657200 14 14 25 25
1204655400 18 18 25 25
1204653600 14 14 23 23
1204651800 15 15 22 22
1204650000 14 14 18 18
1204648200 13 13 20 20
1204646400 16 16 28 28
1204644600 19 19 28 28
1204642800 16 16 18 18
1204641000 17 17 21 21
1204639200 20 20 25 25
1204637400 14 14 16 16
1204635600 16 16 20 20
1204633800 12 12 18 18
1204632000 14 14 20 20
1204630200 14 14 20 20
1204628400 15 15 20 20
1204626600 13 13 20 20
1204624800 15 15 20 20
1204623000 13 13 19 19
1204621200 15 15 19 19
1204619400 17 17 20 20
1204617600 14 14 18 18
1204615800 17 17 23 23
1204614000 12 12 14 14
1204612200 13 13 19 19
1204610400 11 11 19 19
1204608600 11 11 16 16
1204606800 9 9 12 12
1204605000 8 8 12 12
1204603200 8 8 10 10
1204601400 6 6 10 10
1204599600 5 5 17 17
1204597800 11 11 17 17
1204596000 8 8 12 12
1204594200 10 10 13 13
1204592400 10 10 13 13
1204590600 11 11 14 14
1204588800 7 7 16 16
1204587000 12 12 16 16
1204585200 13 13 16 16
1204583400 16 16 24 24
1204581600 17 17 24 24
1204579800 18 18 23 23
1204578000 15 15 22 22
1204576200 16 16 22 22
1204574400 14 14 18 18
1204572600 16 16 17 17
1204570800 16 16 20 20
1204569000 14 14 20 20
1204567200 15 15 25 25
1204565400 16 16 25 25
1204563600 15 15 18 18
1204561800 15 15 18 18
1204560000 14 14 17 17
1204558200 13 13 19 19
1204556400 16 16 20 20
1204554600 17 17 20 20
1204552800 12 12 17 17
1204551000 13 13 17 17
1204549200 15 15 21 21
1204547400 15 15 21 21
1204545600 15 15 16 16
1204543800 12 12 17 17
1204542000 14 14 17 17
1204540200 15 15 20 20
1204538400 12 12 14 14
1204536600 14 14 20 20
1204534800 12 12 21 21
1204533000 15 15 21 21
1204531200 12 12 14 14
1204529400 10 10 13 13
1204527600 9 9 11 11
1204525800 7 7 11 11
1204524000 7 7 11 11
1204522200 5 5 10 10
1204520400 10 10 14 14
1204518600 7 7 9 9
1204516800 6 6 9 9
1204515000 9 9 18 18
1204513200 9 9 14 14
1204511400 6 6 11 11
1204509600 7 7 10 10
1204507800 8 8 11 11
1204506000 9 9 11 11
1204504200 11 11 14 14
1204502400 8 8 14 14
1204500600 12 12 18 18
1204498800 11 11 13 13
1204497000 10 10 15 15
1204495200 11 11 13 13
1204493400 15 15 20 20
1204491600 13 13 26 26
1204489800 16 16 26 26
1204488000 13 13 17 17
1204486200 17 17 22 22
1204484400 12 12 18 18
1204482600 11 11 14 14
1204480800 8 8 17 17
1204479000 13 13 17 17
1204477200 12 12 19 19
1204475400 15 15 20 20
1204473600 15 15 21 21
1204471800 11 11 15 15
1204470000 10 10 13 13
1204468200 12 12 14 14
1204466400 11 11 14 14
1204464600 13 13 19 19
1204462800 12 12 18 18
1204461000 14 14 19 19
1204459200 11 11 19 19
1204457400 12 12 17 17
1204455600 12 12 19 19
1204453800 14 14 19 19
1204452000 13 13 19 19
1204450200 10 10 13 13
1204448400 12 12 18 18
1204446600 13 13 18 18
1204444800 10 10 15 15
1204443000 9 9 15 15
1204441200 8 8 10 10
1204439400 6 6 9 9
1204437600 8 8 11 11
1204435800 6 6 11 11
1204434000 8 8 11 11
1204432200 8 8 14 14
1204430400 7 7 11 11
1204428600 11 11 12 12
1204426800 5 5 10 10
1204425000 10 10 14 14
1204423200 8 8 12 12
1204421400 12 12 14 14
1204419600 11 11 15 15
1204417800 11 11 16 16
1204416000 13 13 20 20
1204414200 10 10 15 15
1204412400 10 10 19 19
1204410600 14 14 19 19
1204408800 11 11 14 14
1204407000 11 11 16 16
1204405200 12 12 20 20
1204403400 18 18 20 20
1204401600 10 10 13 13
1204399800 10 10 17 17
1204398000 15 15 20 20
1204396200 14 14 22 22
1204394400 14 14 18 18
1204392600 15 15 19 19
1204390800 15 15 22 22
1204389000 14 14 17 17
1204387200 14 14 18 18
1204385400 13 13 18 18
1204383600 11 11 15 15
1204381800 13 13 18 18
1204380000 9 9 19 19
1204378200 18 18 20 20
1204376400 16 16 17 17
1204374600 13 13 17 17
1204372800 12 12 15 15
1204371000 11 11 18 18
1204369200 13 13 18 18
1204367400 12 12 14 14
1204365600 15 15 23 23
1204363800 9 9 13 13
1204362000 8 8 13 13
1204360200 13 13 16 16
1204358400 7 7 12 12
1204356600 11 11 12 12
1204354800 6 6 11 11
1204353000 8 8 11 11
1204351200 9 9 12 12
1204349400 11 11 13 13
1204347600 11 11 13 13
1204345800 7 7 12 12
1204344000 8 8 13 13
1204342200 7 7 14 14
1204340400 10 10 14 14
1204338600 9 9 12 12
1204336800 11 11 15 15
1204335000 9 9 17 17
1204333200 14 14 17 17
1204331400 12 12 17 17
1204329600 14 14 23 23
1204327800 9 9 15 15
1204326000 11 11 15 15
1204324200 10 10 15 15
1204322400 13 13 22 22
1204320600 15 15 18 18
1204318800 14 14 20 20
1204317000 13 13 17 17
1204315200 15 15 18 18
1204313400 10 10 13 13
1204311600 12 12 18 18
1204309800 14 14 17 17
1204308000 12 12 17 17
1204306200 11 11 18 18
1204304400 14 14 18 18
1204302600 16 16 24 24
1204300800 18 18 21 21
1204299000 18 18 24 24
1204297200 18 18 20 20
1204295400 12 12 19 19
1204293600 14 14 19 19
1204291800 13 13 22 22
1204290000 15 15 21 21
1204288200 18 18 21 21
1204286400 17 17 26 26
1204284600 14 14 19 19
1204282800 13 13 20 20
1204281000 16 16 19 19
1204279200 12 12 21 21
1204277400 17 17 21 21
1204275600 14 14 19 19
1204273800 17 17 20 20
1204272000 12 12 20 20
1204264800 9 9 15 15
1204257600 11 11 19 19
1204250400 11 11 17 17
1204243200 9 9 19 19
1204236000 15 15 21 21
1204228800 17 17 28 28
1204221600 15 15 23 23
1204214400 19 19 29 29
1204207200 13 13 21 21
1204200000 18 18 30 30
1204192800 13 13 23 23
1204185600 13 13 20 20
1204178400 11 11 18 18
1204171200 13 13 20 20
1204164000 12 12 19 19
1204156800 12 12 18 18
1204149600 15 15 23 23
1204142400 15 15 23 23
1204135200 14 14 21 21
1204128000 15 15 21 21
1204120800 13 13 21 21
1204113600 15 15 22 22
1204106400 13 13 23 23
1204099200 10 10 17 17
1204092000 9 9 15 15
1204084800 10 10 17 17
1204077600 9 9 17 17
1204070400 12 12 18 18
1204063200 17 17 25 25
1204056000 16 16 24 24
1204048800 20 20 31 31
1204041600 15 15 28 28
1204034400 15 15 25 25
1204027200 13 13 20 20
1204020000 14 14 20 20
1204012800 11 11 22 22
1204005600 9 9 16 16
1203998400 13 13 21 21
1203991200 11 11 16 16
1203984000 13 13 21 21
1203976800 13 13 23 23
1203969600 15 15 21 21
1203962400 15 15 23 23
1203955200 20 20 30 30
1203948000 17 17 27 27
1203940800 17 17 25 25
1203933600 14 14 22 22
1203926400 10 10 17 17
1203919200 8 8 14 14
1203912000 9 9 16 16
1203904800 11 11 16 16
1203897600 13 13 25 25
1203890400 13 13 17 17
1203883200 14 14 20 20
1203876000 13 13 21 21
1203868800 12 12 18 18
1203861600 13 13 19 19
1203854400 11 11 19 19
1203847200 10 10 16 16
1203840000 6 6 11 11
1203832800 6 6 12 12
1203825600 8 8 13 13
1203818400 10 10 17 17
1203811200 10 10 17 17
1203804000 9 9 16 16
1203796800 12 12 17 17
1203789600 13 13 20 20
1203782400 12 12 20 20
1203775200 12 12 19 19
1203768000 11 11 20 20
1203760800 10 10 18 18
1203753600 10 10 15 15
1203746400 8 8 17 17
1203739200 8 8 13 13
1203732000 10 10 14 14
1203724800 13 13 19 19
1203717600 12 12 19 19
1203710400 14 14 26 26
1203703200 16 16 27 27
1203696000 20 20 28 28
1203688800 15 15 20 20
1203681600 17 17 25 25
1203674400 15 15 24 24
1203667200 13 13 19 19
1203660000 12 12 24 24
1203652800 12 12 18 18
1203645600 9 9 23 23
1203638400 13 13 21 21
1203631200 17 17 25 25
1203624000 17 17 24 24
1203616800 20 20 28 28
1203609600 20 20 27 27
1203602400 21 21 28 28
1203595200 19 19 26 26
1203588000 20 20 29 29
1203580800 18 18 27 27
1203573600 12 12 17 17
1203566400 11 11 16 16
1203559200 12 12 17 17
1203552000 15 15 23 23
1203544800 22 22 27 27
1203537600 23 23 36 36
1203530400 19 19 27 27
1203523200 20 20 26 26
1203516000 21 21 27 27
1203508800 19 19 27 27
1203501600 19 19 25 25
1203494400 14 14 24 24
1203487200 11 11 18 18
1203480000 8 8 14 14
1203472800 8 8 14 14
1203465600 10 10 22 22
1203458400 15 15 22 22
1203451200 13 13 22 22
1203444000 17 17 27 27
1203436800 15 15 22 22
1203429600 15 15 22 22
1203422400 13 13 18 18
1203415200 13 13 22 22
1203408000 9 9 14 14
1203400800 8 8 13 13
1203393600 10 10 18 18
1203386400 10 10 15 15
1203379200 13 13 17 17
1203372000 13 13 22 22
1203364800 14 14 22 22
1203357600 17 17 24 24
1203350400 18 18 24 24
1203343200 14 14 22 22
1203336000 17 17 24 24
1203328800 15 15 23 23
1203321600 12 12 19 19
1203314400 8 8 15 15
1203307200 7 7 17 17
1203300000 9 9 16 16
1203292800 9 9 17 17
1203285600 14 14 22 22
1203278400 12 12 20 20
1203271200 13 13 21 21
1203264000 10 10 17 17
1203256800 13 13 23 23
1203249600 12 12 18 18
1203242400 9 9 15 15
1203235200 8 8 14 14
1203228000 9 9 14 14
1203220800 8 8 14 14
1203213600 9 9 14 14
1203206400 10 10 19 19
1203199200 13 13 22 22
1203192000 9 9 15 15
1203184800 14 14 21 21
1203177600 11 11 18 18
1203170400 9 9 14 14
1203163200 6 6 12 12
1203156000 6 6 12 12
1203148800 8 8 12 12
1203141600 5 5 10 10
1203134400 6 6 10 10
1203127200 6 6 11 11
1203120000 9 9 15 15
1203112800 12 12 19 19
1203105600 13 13 18 18
1203098400 13 13 20 20
1203091200 15 15 21 21
1203084000 17 17 29 29
1203076800 14 14 23 23
1203069600 16 16 24 24
1203062400 9 9 16 16
1203055200 7 7 14 14
1203048000 8 8 14 14
1203040800 7 7 13 13
1203033600 11 11 22 22
1203026400 13 13 24 24
1203019200 14 14 22 22
1203012000 15 15 22 22
1203004800 17 17 22 22
1202997600 15 15 27 27
1202990400 16 16 27 27
1202983200 13 13 22 22
1202976000 10 10 17 17
1202968800 9 9 16 16
1202961600 6 6 11 11
1202954400 7 7 12 12
1202947200 10 10 21 21
1202940000 16 16 21 21
1202932800 12 12 21 21
1202925600 12 12 17 17
1202918400 14 14 20 20
1202911200 15 15 19 19
1202904000 11 11 14 14
1202896800 15 15 24 24
1202889600 10 10 20 20
1202882400 7 7 15 15
1202875200 9 9 13 13
1202868000 7 7 14 14
1202860800 10 10 18 18
1202853600 17 17 27 27
1202846400 15 15 21 21
1202839200 14 14 21 21
1202832000 18 18 28 28
1202824800 15 15 20 20
1202817600 15 15 21 21
1202810400 17 17 24 24
1202803200 11 11 17 17
1202796000 9 9 16 16
1202788800 9 9 17 17
1202781600 12 12 18 18
1202774400 13 13 22 22
1202767200 15 15 21 21
1202760000 12 12 21 21
1202752800 12 12 22 22
1202745600 17 17 32 32
1202738400 18 18 26 26
1202731200 15 15 19 19
1202724000 9 9 15 15
1202716800 11 11 20 20
1202709600 8 8 13 13
1202702400 9 9 17 17
1202695200 9 9 17 17
1202688000 11 11 17 17
1202680800 11 11 16 16
1202673600 11 11 18 18
1202666400 16 16 22 22
1202659200 10 10 17 17
1202652000 10 10 15 15
1202644800 12 12 17 17
1202637600 8 8 13 13
1202630400 8 8 11 11
1202623200 6 6 11 11
1202616000 6 6 12 12
1202608800 6 6 9 9
1202601600 9 9 16 16
1202594400 10 10 16 16
1202587200 12 12 20 20
1202580000 13 13 18 18
1202572800 12 12 20 20
1202565600 14 14 20 20
1202558400 12 12 20 20
1202551200 10 10 19 19
1202544000 8 8 14 14
1202536800 8 8 12 12
1202529600 8 8 14 14
1202522400 10 10 16 16
1202515200 13 13 20 20
1202508000 12 12 19 19
1202500800 13 13 20 20
1202493600 13 13 19 19
1202486400 14 14 22 22
1202479200 15 15 20 20
1202472000 15 15 22 22
1202464800 12 12 21 21
1202457600 7 7 13 13
1202450400 8 8 15 15
1202443200 8 8 15 15
1202436000 9 9 15 15
1202428800 12 12 21 21
1202421600 13 13 21 21
1202414400 15 15 21 21
1202407200 14 14 18 18
1202400000 14 14 21 21
1202392800 16 16 21 21
1202385600 15 15 24 24
1202378400 12 12 16 16
1202371200 9 9 15 15
1202364000 8 8 15 15
1202356800 9 9 15 15
1202349600 11 11 15 15
1202342400 13 13 18 18
1202335200 14 14 25 25
1202328000 13 13 21 21
1202320800 14 14 19 19
1202313600 17 17 26 26
1202306400 14 14 21 21
1202299200 14 14 22 22
1202292000 14 14 18 18
1202284800 12 12 23 23
1202277600 9 9 14 14
1202270400 9 9 15 15
1202263200 12 12 19 19
1202256000 11 11 17 17
1202248800 14 14 21 21
1202241600 14 14 20 20
1202234400 15 15 23 23
1202227200 15 15 20 20
1202220000 16 16 20 20
1202212800 14 14 20 20
1202205600 15 15 21 21
1202198400 13 13 19 19
1202191200 6 6 10 10
1202184000 10 10 17 17
1202176800 9 9 18 18
1202169600 13 13 20 20
1202162400 16 16 23 23
1202155200 13 13 23 23
1202148000 12 12 18 18
1202140800 15 15 21 21
1202133600 14 14 21 21
1202126400 13 13 20 20
1202119200 14 14 20 20
1202112000 8 8 16 16
1202104800 7 7 11 11
1202097600 6 6 14 14
1202090400 8 8 17 17
1202083200 11 11 24 24
1202076000 17 17 24 24
1202068800 17 17 20 20
1202061600 14 14 21 21
1202054400 10 10 21 21
1202047200 9 9 15 15
1202040000 9 9 16 16
1202032800 10 10 15 15
1202025600 6 6 9 9
1202018400 9 9 15 15
1202011200 8 8 16 16
1202004000 8 8 16 16
1201996800 11 11 20 20
1201989600 12 12 20 20
1201982400 13 13 19 19
1201975200 11 11 19 19
1201968000 10 10 19 19
1201960800 12 12 19 19
1201953600 10 10 19 19
1201946400 8 8 15 15
1201939200 7 7 16 16
1201932000 6 6 11 11
1201924800 9 9 15 15
1201917600 9 9 15 15
1201910400 11 11 20 20
1201903200 12 12 20 20
1201896000 16 16 21 21
1201888800 14 14 25 25
1201881600 15 15 25 25
1201874400 14 14 19 19
1201867200 14 14 26 26
1201860000 12 12 19 19
1201852800 11 11 19 19
1201845600 9 9 14 14
1201838400 7 7 13 13
1201831200 10 10 14 14
1201824000 10 10 16 16
1201816800 14 14 19 19
1201809600 13 13 20 20
1201802400 15 15 22 22
1201795200 16 16 22 22
1201788000 14 14 22 22
1201780800 16 16 23 23
1201773600 12 12 20 20
1201766400 11 11 16 16
1201759200 8 8 15 15
1201752000 9 9 16 16
1201744800 8 8 15 15
1201737600 12 12 19 19
1201730400 13 13 19 19
1201723200 13 13 16 16
1201716000 13 13 19 19
1201708800 17 17 23 23
1201701600 15 15 19 19
1201694400 13 13 18 18
1201687200 12 12 18 18
1201680000 9 9 18 18
1201672800 7 7 12 12
1201665600 10 10 13 13
1201658400 7 7 10 10
1201651200 11 11 15 15
1201644000 13 13 19 19
1201636800 13 13 19 19
1201629600 15 15 20 20
1201622400 16 16 24 24
1201615200 17 17 25 25
1201608000 15 15 20 20
1201600800 14 14 19 19
1201593600 12 12 16 16
1201586400 5 5 12 12
1201579200 9 9 15 15
1201572000 8 8 15 15
1201564800 11 11 17 17
1201557600 13 13 18 18
1201550400 15 15 20 20
1201543200 14 14 22 22
1201536000 16 16 22 22
1201528800 14 14 22 22
1201521600 12 12 19 19
1201514400 15 15 21 21
1201507200 12 12 19 19
1201500000 10 10 18 18
1201492800 8 8 18 18
1201485600 9 9 17 17
1201478400 11 11 17 17
1201471200 12 12 18 18
1201464000 12 12 18 18
1201456800 10 10 18 18
1201449600 12 12 22 22
1201442400 12 12 22 22
1201435200 11 11 18 18
1201428000 9 9 14 14
1201420800 5 5 10 10
1201413600 6 6 13 13
1201406400 7 7 10 10
1201399200 9 9 15 15
1201392000 9 9 16 16
1201384800 12 12 21 21
1201377600 9 9 15 15
1201370400 15 15 23 23
1201363200 15 15 21 21
1201356000 11 11 19 19
1201348800 11 11 19 19
1201341600 9 9 14 14
1201334400 9 9 14 14
1201327200 8 8 14 14
1201320000 10 10 15 15
1201312800 9 9 13 13
1201305600 13 13 19 19
1201298400 13 13 21 21
1201291200 12 12 21 21
1201284000 12 12 19 19
1201276800 13 13 20 20
1201269600 15 15 25 25
1201262400 14 14 20 20
1201255200 16 16 23 23
1201248000 12 12 23 23
1201240800 8 8 11 11
1201233600 8 8 15 15
1201226400 10 10 15 15
1201219200 9 9 15 15
1201212000 12 12 22 22
1201204800 14 14 19 19
1201197600 13 13 18 18
1201190400 14 14 21 21
1201183200 16 16 25 25
1201176000 14 14 22 22
1201168800 13 13 19 19
1201161600 8 8 16 16
1201154400 6 6 12 12
1201147200 8 8 15 15
1201140000 10 10 15 15
1201132800 11 11 18 18
1201125600 13 13 21 21
1201118400 12 12 19 19
1201111200 16 16 23 23
1201104000 15 15 25 25
1201096800 15 15 23 23
1201089600 17 17 22 22
1201082400 14 14 21 21
1201075200 10 10 16 16
1201068000 8 8 12 12
1201060800 8 8 13 13
1201053600 7 7 11 11
1201046400 12 12 20 20
1201039200 12 12 21 21
1201032000 14 14 19 19
1201024800 12 12 21 21
1201017600 15 15 23 23
1201010400 13 13 19 19
1201003200 13 13 18 18
1200996000 11 11 20 20
1200988800 9 9 14 14
1200981600 8 8 14 14
1200974400 9 9 13 13
1200967200 10 10 20 20
1200960000 12 12 21 21
1200952800 16 16 23 23
1200945600 13 13 23 23
1200938400 15 15 23 23
1200931200 17 17 26 26
1200924000 15 15 22 22
1200916800 15 15 23 23
1200909600 15 15 23 23
1200902400 12 12 17 17
1200895200 7 7 14 14
1200888000 9 9 15 15
1200880800 10 10 17 17
1200873600 11 11 17 17
1200866400 11 11 15 15
1200859200 11 11 14 14
1200852000 11 11 18 18
1200844800 11 11 17 17
1200837600 11 11 17 17
1200830400 12 12 18 18
1200823200 9 9 13 13
1200816000 7 7 14 14
1200808800 6 6 12 12
1200801600 7 7 16 16
1200794400 9 9 14 14
1200787200 11 11 16 16
1200780000 11 11 17 17
1200772800 12 12 17 17
1200765600 13 13 23 23
1200758400 11 11 17 17
1200751200 9 9 12 12
1200744000 11 11 17 17
1200736800 11 11 16 16
1200729600 8 8 13 13
1200722400 9 9 14 14
1200715200 8 8 17 17
1200708000 7 7 14 14
1200700800 12 12 16 16
1200693600 10 10 15 15
1200686400 10 10 17 17
1200679200 14 14 21 21
1200672000 14 14 21 21
1200664800 14 14 20 20
1200657600 13 13 20 20
1200650400 11 11 20 20
1200643200 8 8 15 15
1200636000 6 6 15 15
1200628800 9 9 15 15
1200621600 9 9 14 14
1200614400 7 7 10 10
1200607200 12 12 20 20
1200600000 13 13 18 18
1200592800 12 12 18 18
1200585600 15 15 21 21
1200578400 17 17 26 26
1200571200 16 16 24 24
1200564000 14 14 20 20
1200556800 13 13 30 30
1200549600 6 6 11 11
1200542400 8 8 12 12
1200535200 9 9 22 22
1200528000 11 11 22 22
1200520800 14 14 20 20
1200513600 14 14 23 23
1200506400 13 13 20 20
1200499200 18 18 27 27
1200492000 13 13 22 22
1200484800 12 12 18 18
1200477600 11 11 18 18
1200470400 9 9 17 17
1200463200 9 9 16 16
1200456000 7 7 11 11
1200448800 8 8 11 11
1200441600 9 9 19 19
1200434400 12 12 20 20
1200427200 10 10 16 16
1200420000 18 18 30 30
1200412800 17 17 23 23
1200405600 15 15 22 22
1200398400 16 16 25 25
1200391200 12 12 20 20
1200384000 10 10 16 16
1200376800 8 8 14 14
1200369600 10 10 13 13
1200362400 9 9 16 16
1200355200 11 11 17 17
1200348000 11 11 20 20
1200340800 14 14 20 20
1200333600 14 14 19 19
1200326400 13 13 19 19
1200319200 17 17 24 24
1200312000 18 18 25 25
1200304800 13 13 19 19
1200297600 12 12 22 22
1200290400 6 6 10 10
1200283200 9 9 12 12
1200276000 8 8 15 15
1200268800 11 11 16 16
1200261600 12 12 20 20
1200254400 14 14 21 21
1200247200 12 12 19 19
1200240000 10 10 18 18
1200232800 11 11 17 17
1200225600 9 9 14 14
1200218400 11 11 17 17
1200211200 6 6 10 10
1200204000 7 7 13 13
1200196800 6 6 14 14
1200189600 7 7 14 14
1200182400 10 10 14 14
1200175200 11 11 18 18
1200168000 10 10 16 16
1200160800 11 11 21 21
1200153600 12 12 17 17
1200146400 11 11 19 19
1200139200 12 12 18 18
1200132000 10 10 15 15
1200124800 8 8 12 12
1200117600 6 6 12 12
1200110400 9 9 18 18
1200103200 8 8 17 17
1200096000 12 12 20 20
1200088800 14 14 21 21
1200081600 14 14 19 19
1200074400 16 16 24 24
1200067200 21 21 26 26
1200060000 15 15 20 20
1200052800 13 13 20 20
1200045600 15 15 22 22
1200038400 12 12 19 19
1200031200 8 8 15 15
1200024000 7 7 12 12
1200016800 9 9 17 17
1200009600 13 13 21 21
1200002400 13 13 21 21
1199995200 11 11 19 19
1199988000 13 13 18 18
1199980800 16 16 23 23
1199973600 14 14 18 18
1199966400 13 13 20 20
1199959200 12 12 16 16
1199952000 7 7 17 17
1199923200 10 10 26 26
1199836800 8 8 22 22
1199750400 9 9 24 24
1199664000 6 6 18 18
1199577600 7 7 21 21
1199491200 11 11 23 23
1199404800 8 8 20 20
1199318400 8 8 24 24
1199232000 6 6 19 19
1199145600 6 6 19 19
1199059200 6 6 16 16
1198972800 7 7 19 19
1198886400 7 7 21 21
1198800000 7 7 17 17
1198713600 6 6 23 23
1198627200 6 6 18 18
1198540800 7 7 18 18
1198454400 6 6 22 22
1198368000 6 6 19 19
1198281600 7 7 21 21
1198195200 9 9 24 24
1198108800 9 9 25 25
1198022400 10 10 24 24
1197936000 9 9 25 25
1197849600 6 6 19 19
1197763200 6 6 21 21
1197676800 10 10 30 30
1197590400 9 9 27 27
1197504000 9 9 24 24
1197417600 9 9 26 26
1197331200 9 9 23 23
1197244800 6 6 22 22
1197158400 6 6 22 22
1197072000 9 9 24 24
1196985600 10 10 27 27
1196899200 10 10 26 26
1196812800 10 10 29 29
1196726400 9 9 21 21
1196640000 8 8 20 20
1196553600 8 8 21 21
1196467200 9 9 24 24
1196380800 10 10 27 27
1196294400 10 10 22 22
1196208000 10 10 27 27
1196121600 8 8 23 23
1196035200 7 7 24 24
1195948800 7 7 23 23
1195862400 9 9 21 21
1195776000 12 12 26 26
1195689600 11 11 27 27
1195603200 10 10 26 26
1195516800 9 9 24 24
1195430400 6 6 21 21
1195344000 5 5 19 19
1195257600 10 10 26 26
1195171200 9 9 23 23
1195084800 9 9 31 31
1194998400 9 9 29 29
1194912000 8 8 24 24
1194825600 7 7 21 21
1194739200 6 6 23 23
1194652800 9 9 25 25
1194566400 8 8 24 24
1194480000 8 8 22 22
1194393600 9 9 24 24
1194307200 8 8 26 26
1194220800 6 6 21 21
1194134400 7 7 24 24
1194048000 8 8 24 24
1193961600 7 7 27 27
1193875200 10 10 25 25
1193788800 10 10 26 26
1193702400 9 9 26 26
1193616000 7 7 21 21
1193529600 6 6 24 24
1193443200 9 9 26 26
1193356800 9 9 26 26
1193270400 10 10 31 31
1193184000 9 9 29 29
1193097600 9 9 26 26
1193011200 9 9 24 24
1192924800 7 7 24 24
1192838400 13 13 31 31
1192752000 14 14 17 17
1192665600 12 12 35 35
1192579200 10 10 29 29
1192492800 9 9 36 36
1192406400 6 6 92 92
1192320000 6 6 19 19
1192233600 8 8 24 24
1192147200 8 8 28 28
1192060800 9 9 24 24
1191974400 8 8 27 27
1191888000 6 6 23 23
1191801600 5 5 19 19
1191715200 5 5 20 20
1191628800 6 6 19 19
1191542400 7 7 21 21
1191456000 7 7 22 22
1191369600 7 7 24 24
1191283200 8 8 24 24
1191196800 5 5 22 22
1191110400 6 6 21 21
1191024000 7 7 27 27
1190937600 8 8 21 21
1190851200 7 7 22 22
1190764800 7 7 26 26
1190678400 6 6 23 23
1190592000 4 4 18 18
1190505600 5 5 19 19
1190419200 7 7 31 31
1190332800 7 7 21 21
1190246400 7 7 20 20
1190160000 6 6 25 25
1190073600 8 8 25 25
1189987200 5 5 22 22
1189900800 5 5 17 17
1189814400 8 8 22 22
1189728000 8 8 22 22
1189641600 6 6 24 24
1189555200 6 6 22 22
1189468800 6 6 29 29
1189382400 5 5 26 26
1189296000 5 5 28 28
1189209600 7 7 25 25
1189123200 8 8 26 26
1189036800 8 8 23 23
1188950400 6 6 23 23
1188864000 9 9 28 28
1188777600 5 5 19 19
1188691200 5 5 64 64
1188604800 6 6 19 19
1188518400 6 6 23 23
1188432000 6 6 21 21
1188345600 7 7 42 42
1188259200 11 11 22 22
1188172800 14 14 14 14
1188086400 6 6 14 14
1188000000 7 7 22 22
1187913600 7 7 20 20
1187827200 6 6 21 21
1187740800 7 7 21 21
1187654400 6 6 25 25
1187568000 6 6 18 18
1187481600 6 6 17 17
1187395200 7 7 24 24
1187308800 7 7 23 23
1187222400 7 7 21 21
1187136000 9 9 27 27
1187049600 7 7 25 25
1186963200 6 6 28 28
1186876800 7 7 23 23
1186790400 8 8 25 25
1186704000 8 8 25 25
1186617600 7 7 23 23
1186531200 8 8 27 27
1186444800 7 7 23 23
1186358400 5 5 18 18
1186272000 5 5 16 16
1186185600 8 8 25 25
1186099200 8 8 24 24
1186012800 7 7 24 24
1185926400 7 7 27 27
1185840000 9 9 23 23
1185753600 7 7 20 20
1185667200 7 7 19 19
1185580800 8 8 25 25
1185494400 10 10 30 30
1185408000 8 8 23 23
1185321600 8 8 22 22
1185235200 8 8 24 24
1185148800 7 7 22 22
1185062400 7 7 20 20
1184976000 9 9 25 25
1184889600 9 9 43 43
1184803200 10 10 28 28
1184716800 10 10 26 26
1184630400 10 10 39 39
1184544000 7 7 28 28
1184457600 8 8 30 30
1184371200 9 9 30 30
1184284800 10 10 36 36
1184198400 11 11 32 32
1184112000 9 9 34 34
1184025600 11 11 33 33
1183939200 10 10 26 26
1183852800 9 9 28 28
1183766400 11 11 25 25
1183680000 11 11 39 39
1183593600 11 11 26 26
1183507200 9 9 30 30
1183420800 10 10 26 26
1183334400 8 8 20 20
1183248000 9 9 35 35
1183161600 11 11 26 26
1183075200 13 13 30 30
1182988800 19 19 39 39
1182902400 11 11 29 29
1182816000 10 10 31 31
1182729600 7 7 22 22
1182643200 10 10 21 21
1182556800 14 14 28 28
1182470400 12 12 33 33
1182384000 12 12 28 28
1182297600 12 12 30 30
1182211200 12 12 27 27
1182124800 12 12 34 34
1182038400 14 14 38 38
1181952000 12 12 30 30
1181865600 11 11 28 28
1181779200 15 15 30 30
1181692800 10 10 30 30
1181606400 11 11 31 31
1181520000 10 10 32 32
1181433600 10 10 38 38
1181347200 11 11 32 32
1181260800 13 13 51 51
1181174400 23 23 66 66
1181088000 16 16 44 44
1181001600 11 11 37 37
1180915200 7 7 22 22
1180828800 8 8 22 22
1180742400 13 13 34 34
1180656000 10 10 33 33
1180569600 10 10 26 26
1180483200 10 10 28 28
1180396800 9 9 26 26
1180310400 7 7 20 20
1180224000 8 8 22 22
1180137600 8 8 25 25
1180051200 10 10 33 33
1179964800 13 13 33 33
1179878400 12 12 36 36
1179792000 10 10 28 28
1179705600 6 6 20 20
1179619200 6 6 20 20
1179532800 8 8 27 27
1179446400 9 9 26 26
1179360000 11 11 28 28
1179273600 11 11 32 32
1179187200 12 12 36 36
1179100800 9 9 31 31
1179014400 10 10 25 25
1178928000 9 9 26 26
1178841600 9 9 28 28
1178755200 9 9 30 30
1178668800 12 12 29 29
1178582400 9 9 28 28
1178496000 11 11 27 27
1178409600 13 13 30 30
1178323200 17 17 38 38
1178236800 17 17 36 36
1178150400 16 16 38 38
1178064000 19 19 36 36
1177977600 13 13 34 34
1177891200 13 13 29 29
1177804800 14 14 36 36
1177718400 15 15 33 33
1177632000 13 13 35 35
1177545600 14 14 36 36
1177459200 14 14 33 33
1177372800 15 15 34 34
1177286400 13 13 34 34
1177200000 12 12 27 27
1177113600 16 16 32 32
1177027200 16 16 33 33
1176940800 16 16 37 37
1176854400 17 17 42 42
1176768000 16 16 33 33
1176681600 15 15 38 38
1176595200 3 3 24 24
1176508800 5 5 16 16
1176422400 16 16 43 43
1176336000 15 15 32 32
1176249600 16 16 34 34
1176163200 9 9 24 24
1176076800 7 7 24 24
1175990400 8 8 24 24
1175904000 11 11 28 28
1175817600 16 16 38 38
1175731200 20 20 40 40
1175644800 16 16 40 40
1175558400 13 13 42 42
1175472000 9 9 26 26
1175385600 9 9 30 30
1175299200 13 13 37 37
1175212800 12 12 33 33
1175126400 14 14 38 38
1175040000 14 14 33 33
1174953600 16 16 34 34
1174867200 13 13 36 36
1174780800 14 14 35 35
1174694400 15 15 41 41
1174608000 16 16 41 41
1174521600 18 18 36 36
1174435200 19 19 42 42
1174348800 20 20 40 40
1174262400 16 16 31 31
1174176000 16 16 30 30
1174089600 16 16 39 39
1174003200 17 17 30 30
1173916800 17 17 17 17
1173830400 17 17 17 17
1173744000 17 17 17 17
1173657600 17 17 17 17
1173571200 17 17 17 17
1173484800 17 17 17 17
1173398400 17 17 17 17
1173312000 17 17 17 17
1173225600 17 17 17 17
1173139200 17 17 17 17
1173052800 17 17 17 17
1172966400 17 17 17 17
1172880000 15 15 31 31
1172793600 16 16 34 34
1172707200 21 21 46 46
1172620800 17 17 34 34
1172534400 17 17 35 35
1172448000 14 14 34 34
1172361600 15 15 36 36
1172275200 15 15 39 39
1172188800 17 17 33 33
1172102400 19 19 38 38
1172016000 15 15 37 37
1171929600 13 13 32 32
1171843200 14 14 34 34
1171756800 18 18 39 39
1171670400 14 14 31 31
1171584000 14 14 35 35
1171497600 17 17 41 41
1171411200 18 18 43 43
1171324800 19 19 44 44
1171238400 15 15 38 38
1171152000 17 17 39 39
1171065600 17 17 36 36
1170979200 20 20 38 38
1170892800 19 19 39 39
1170806400 18 18 42 42
1170720000 20 20 142 142
1170633600 15 15 31 31
1170547200 13 13 35 35
1170460800 22 22 192 192
1170374400 18 18 38 38
1170288000 22 22 44 44
1170201600 25 25 49 49
1170115200 40 40 153 153
1170028800 40 40 78 78
1169942400 24 24 68 68
1169856000 19 19 42 42
1169769600 18 18 38 38
1169683200 19 19 45 45
1169596800 15 15 41 41
1169510400 11 11 36 36
1169424000 9 9 22 22
1169337600 10 10 28 28
1169251200 16 16 40 40
1169164800 19 19 52 52
1169078400 18 18 57 57
1168992000 16 16 52 52
1168905600 16 16 50 50
1168819200 12 12 30 30
1168732800 11 11 36 36
1168646400 14 14 37 37
1168560000 13 13 31 31
1168473600 13 13 30 30
1168387200 15 15 32 32
1168300800 16 16 37 37
1168214400 15 15 32 32
1168128000 12 12 30 30
1168041600 14 14 30 30
1167955200 15 15 32 32
1167868800 16 16 30 30
1167782400 15 15 32 32
1167696000 12 12 30 30
1167609600 13 13 36 36
1167523200 13 13 28 28
1167436800 14 14 28 28
1167350400 15 15 30 30
1167264000 11 11 27 27
1167177600 10 10 28 28
1167091200 10 10 26 26
1167004800 12 12 28 28
1166918400 11 11 29 29
1166832000 16 16 41 41
1166745600 13 13 39 39
1166659200 13 13 32 32
1166572800 13 13 34 34
1166486400 13 13 30 30
1166400000 13 13 33 33
1166313600 13 13 40 40
1166227200 12 12 45 45
1166140800 3 3 17 17
1166054400 3 3 16 16
1165968000 3 3 15 15
1165881600 2 2 17 17
1165795200 2 2 13 13
1165708800 2 2 14 14
1165622400 4 4 15 15
1165536000 2 2 16 16
1165449600 3 3 17 17
1165363200 7 7 20 20
1165276800 6 6 18 18
1165190400 2 2 13 13
1165104000 1 1 17 17
1165017600 3 3 16 16
1164931200 3 3 20 20
1164844800 3 3 19 19
1164758400 3 3 19 19
1164672000 3 3 17 17
1164585600 2 2 13 13
1164499200 2 2 13 13
1164412800 14 14 33 33
1164326400 15 15 35 35
1164240000 15 15 36 36
1164153600 14 14 32 32
1164067200 14 14 31 31
1163980800 11 11 28 28
1163894400 13 13 31 31
1163808000 14 14 35 35
1163721600 14 14 33 33
1163635200 16 16 34 34
1163548800 15 15 38 38
1163462400 16 16 37 37
1163376000 14 14 33 33
1163289600 12 12 30 30
1163203200 16 16 33 33
1163116800 15 15 39 39
1163030400 16 16 40 40
1162944000 16 16 36 36
1162857600 14 14 39 39
1162771200 14 14 32 32
1162684800 11 11 26 26
1162598400 16 16 36 36
1162512000 13 13 32 32
1162425600 18 18 42 42
1162339200 12 12 38 38
1162252800 16 16 38 38
1162166400 12 12 27 27
1162080000 11 11 29 29
1161993600 15 15 36 36
1161907200 16 16 36 36
1161820800 14 14 35 35
1161734400 14 14 33 33
1161648000 12 12 32 32
1161561600 10 10 24 24
1161475200 10 10 27 27
1161388800 9 9 30 30
1161302400 10 10 35 35
1161216000 10 10 28 28
1161129600 10 10 30 30
1161043200 12 12 31 31
1160956800 12 12 28 28
1160870400 15 15 32 32
1160784000 16 16 37 37
1160697600 15 15 30 30
1160611200 12 12 34 34
1160524800 11 11 31 31
1160438400 14 14 38 38
1160352000 13 13 33 33
1160265600 13 13 31 31
1160179200 14 14 34 34
1160092800 17 17 37 37
1160006400 17 17 37 37
1159920000 17 17 41 41
1159833600 16 16 35 35
1159747200 14 14 29 29
1159660800 12 12 33 33
1159574400 15 15 34 34
1159488000 15 15 32 32
1159401600 16 16 35 35
1159315200 13 13 32 32
1159228800 14 14 46 46
1159142400 13 13 31 31
1159056000 11 11 28 28
1158969600 14 14 30 30
1158883200 15 15 32 32
1158796800 13 13 33 33
1158710400 14 14 34 34
1158624000 13 13 38 38
1158537600 10 10 24 24
1158451200 9 9 25 25
1158364800 13 13 31 31
1158278400 12 12 31 31
1158192000 13 13 32 32
1158105600 11 11 27 27
1158019200 12 12 31 31
1157932800 10 10 26 26
1157846400 10 10 27 27
1157760000 12 12 30 30
1157673600 11 11 29 29
1157587200 10 10 26 26
1157500800 10 10 27 27
1157414400 10 10 27 27
1157328000 8 8 22 22
1157241600 8 8 25 25
1157155200 10 10 27 27
1157068800 14 14 31 31
1156982400 14 14 33 33
1156896000 13 13 31 31
1156809600 11 11 29 29
1156723200 7 7 22 22
1156636800 7 7 24 24
1156550400 12 12 33 33
1156464000 10 10 26 26
1156377600 11 11 25 25
1156291200 13 13 35 35
1156204800 11 11 31 31
1156118400 8 8 22 22
1156032000 8 8 23 23
1155945600 12 12 33 33
1155859200 12 12 29 29
1155772800 11 11 31 31
1155686400 11 11 32 32
1155600000 8 8 33 33
1155513600 6 6 24 24
1155427200 6 6 23 23
1155340800 7 7 32 32
1155254400 11 11 30 30
1155168000 12 12 31 31
1155081600 13 13 37 37
1154995200 12 12 30 30
1154908800 7 7 22 22
1154822400 10 10 27 27
1154736000 9 9 31 31
1154649600 13 13 33 33
1154563200 12 12 32 32
1154476800 12 12 33 33
1154390400 15 15 33 33
1154304000 13 13 33 33
1154217600 8 8 23 23
1154131200 10 10 29 29
1154044800 12 12 27 27
1153958400 10 10 30 30
1153872000 9 9 29 29
1153785600 11 11 28 28
1153699200 9 9 28 28
1153612800 10 10 24 24
1153526400 16 16 35 35
1153440000 14 14 35 35
1153353600 15 15 37 37
1153267200 17 17 41 41
1153180800 13 13 34 34
1153094400 10 10 25 25
1153008000 16 16 36 36
1152921600 18 18 44 44
1152835200 19 19 43 43
1152748800 19 19 34 34
1152662400 20 20 41 41
1152576000 18 18 42 42
1152489600 13 13 29 29
1152403200 13 13 34 34
1152316800 17 17 35 35
1152230400 16 16 36 36
1152144000 14 14 33 33
1152057600 18 18 88 88
1151971200 16 16 37 37
1151884800 14 14 33 33
1151798400 15 15 33 33
1151712000 18 18 37 37
1151625600 14 14 38 38
1151539200 18 18 40 40
1151452800 17 17 37 37
1151366400 16 16 37 37
1151280000 13 13 32 32
1151193600 13 13 31 31
1151107200 17 17 41 41
1151020800 14 14 37 37
1150934400 13 13 36 36
1150848000 16 16 36 36
1150761600 17 17 38 38
1150675200 13 13 28 28
1150588800 12 12 29 29
1150502400 16 16 41 41
1150416000 16 16 40 40
1150329600 13 13 32 32
1150243200 14 14 33 33
1150156800 12 12 32 32
1150070400 11 11 25 25
1149984000 12 12 25 25
1149897600 13 13 35 35
1149811200 13 13 30 30
1149724800 14 14 31 31
1149638400 17 17 45 45
1149552000 17 17 51 51
1149465600 8 8 33 33
1149379200 11 11 31 31
1149292800 15 15 40 40
1149206400 12 12 28 28
1149120000 10 10 38 38
1149033600 11 11 30 30
1148947200 13 13 34 34
1148860800 8 8 22 22
1148774400 12 12 34 34
1148688000 11 11 30 30
1148601600 10 10 31 31
1148515200 12 12 35 35
1148428800 20 20 43 43
1148342400 13 13 39 39
1148256000 13 13 29 29
1148169600 12 12 30 30
1148083200 14 14 44 44
1147996800 16 16 46 46
1147910400 16 16 38 38
1147824000 17 17 41 41
1147737600 15 15 36 36
1147651200 11 11 27 27
1147564800 15 15 33 33
1147478400 18 18 35 35
1147392000 14 14 35 35
1147305600 17 17 40 40
1147219200 17 17 38 38
1147132800 15 15 41 41
1147046400 12 12 30 30
1146960000 14 14 29 29
1146873600 17 17 40 40
1146787200 15 15 39 39
1146700800 16 16 39 39
1146614400 14 14 36 36
1146528000 11 11 34 34
1146441600 11 11 40 40
1146355200 6 6 6 6
1146268800 13 13 34 34
1146182400 20 20 43 43
1146096000 21 21 62 62
1146009600 14 14 37 37
1145923200 13 13 31 31
1145836800 11 11 33 33
1145750400 12 12 33 33
1145664000 15 15 41 41
1145577600 19 19 41 41
1145491200 23 23 51 51
1145404800 14 14 35 35
1145318400 10 10 31 31
1145232000 9 9 28 28
1145145600 11 11 29 29
1145059200 12 12 27 27
1144972800 15 15 34 34
1144886400 19 19 44 44
1144800000 14 14 42 42
1144713600 14 14 41 41
1144627200 10 10 25 25
1144540800 10 10 27 27
1144454400 12 12 30 30
1144368000 12 12 34 34
1144281600 14 14 41 41
1144195200 21 21 53 53
1144108800 13 13 52 52
1144022400 10 10 30 30
1143936000 11 11 32 32
1143849600 12 12 32 32
1143763200 14 14 36 36
1143676800 16 16 37 37
1143590400 18 18 47 47
1143504000 17 17 39 39
1143417600 15 15 41 41
1143331200 15 15 36 36
1143244800 17 17 39 39
1143158400 20 20 43 43
1143072000 21 21 43 43
1142985600 17 17 40 40
1142899200 18 18 40 40
1142812800 17 17 51 51
1142726400 17 17 48 48
1142640000 18 18 49 49
1142553600 20 20 48 48
1142467200 17 17 44 44
1142380800 17 17 48 48
1142294400 17 17 38 38
1142208000 16 16 51 51
1142121600 18 18 51 51
1142035200 16 16 46 46
1141948800 16 16 42 42
1141862400 17 17 47 47
1141776000 16 16 40 40
1141689600 18 18 56 56
1141603200 16 16 52 52
1141516800 13 13 34 34
1141430400 18 18 65 65
1141344000 17 17 48 48
1141257600 16 16 47 47
1141171200 16 16 59 59
1141084800 16 16 43 43
1140998400 15 15 41 41
1140912000 13 13 36 36
1140825600 18 18 44 44
1140739200 22 22 115 115
1140652800 17 17 38 38
1140566400 16 16 46 46
1140480000 15 15 39 39
1140393600 13 13 35 35
1140307200 13 13 39 39
1140220800 15 15 41 41
1140134400 18 18 42 42
1140048000 15 15 37 37
1139961600 14 14 34 34
1139875200 12 12 44 44
1139788800 12 12 38 38
1139702400 9 9 32 32
1139616000 14 14 41 41
1139529600 17 17 47 47
1139443200 16 16 46 46
1139356800 16 16 44 44
1139270400 15 15 50 50
1139184000 11 11 36 36
1139097600 11 11 34 34
1139011200 12 12 40 40
1138924800 13 13 45 45
1138838400 17 17 41 41
1138752000 16 16 44 44
1138665600 15 15 41 41
1138579200 11 11 42 42
1138492800 11 11 39 39
1138406400 15 15 47 47
1138320000 19 19 49 49
1138233600 16 16 47 47
1138147200 17 17 55 55
1138060800 14 14 42 42
1137974400 11 11 45 45
1137888000 13 13 44 44
1137801600 15 15 44 44
1137715200 16 16 42 42
1137628800 16 16 46 46
1137542400 14 14 48 48
1137456000 13 13 40 40
1137369600 13 13 58 58
1137283200 11 11 43 43
1137196800 13 13 45 45
1137110400 13 13 41 41
1137024000 12 12 47 47
1136937600 14 14 51 51
1136851200 14 14 40 40
1136764800 9 9 35 35
